{"F:\\testcursor\\frontend\\src\\KDS.tsx": {"path":"F:\\testcursor\\frontend\\src\\KDS.tsx","statementMap":{"0":{"start":{"line":10,"column":2},"end":{"line":30,"column":null}},"1":{"start":{"line":11,"column":17},"end":{"line":23,"column":null}},"2":{"start":{"line":12,"column":18},"end":{"line":12,"column":null}},"3":{"start":{"line":13,"column":18},"end":{"line":13,"column":null}},"4":{"start":{"line":14,"column":19},"end":{"line":14,"column":null}},"5":{"start":{"line":15,"column":6},"end":{"line":15,"column":null}},"6":{"start":{"line":16,"column":6},"end":{"line":16,"column":null}},"7":{"start":{"line":17,"column":6},"end":{"line":17,"column":null}},"8":{"start":{"line":18,"column":6},"end":{"line":18,"column":null}},"9":{"start":{"line":19,"column":6},"end":{"line":19,"column":null}},"10":{"start":{"line":20,"column":6},"end":{"line":20,"column":null}},"11":{"start":{"line":21,"column":6},"end":{"line":21,"column":null}},"12":{"start":{"line":22,"column":6},"end":{"line":22,"column":null}},"13":{"start":{"line":24,"column":4},"end":{"line":24,"column":null}},"14":{"start":{"line":25,"column":4},"end":{"line":29,"column":null}},"15":{"start":{"line":25,"column":30},"end":{"line":25,"column":null}},"16":{"start":{"line":25,"column":47},"end":{"line":25,"column":56}},"17":{"start":{"line":25,"column":65},"end":{"line":29,"column":null}},"18":{"start":{"line":27,"column":6},"end":{"line":27,"column":null}},"19":{"start":{"line":27,"column":23},"end":{"line":27,"column":32}},"20":{"start":{"line":28,"column":6},"end":{"line":28,"column":null}},"21":{"start":{"line":28,"column":23},"end":{"line":28,"column":33}},"22":{"start":{"line":33,"column":20},"end":{"line":42,"column":null}},"23":{"start":{"line":33,"column":27},"end":{"line":42,"column":null}},"24":{"start":{"line":45,"column":12},"end":{"line":45,"column":null}},"25":{"start":{"line":46,"column":26},"end":{"line":46,"column":null}},"26":{"start":{"line":47,"column":28},"end":{"line":47,"column":null}},"27":{"start":{"line":48,"column":30},"end":{"line":48,"column":null}},"28":{"start":{"line":49,"column":38},"end":{"line":49,"column":null}},"29":{"start":{"line":50,"column":38},"end":{"line":50,"column":null}},"30":{"start":{"line":51,"column":34},"end":{"line":51,"column":null}},"31":{"start":{"line":52,"column":36},"end":{"line":52,"column":null}},"32":{"start":{"line":53,"column":8},"end":{"line":53,"column":null}},"33":{"start":{"line":54,"column":8},"end":{"line":54,"column":null}},"34":{"start":{"line":55,"column":8},"end":{"line":55,"column":null}},"35":{"start":{"line":56,"column":46},"end":{"line":56,"column":null}},"36":{"start":{"line":57,"column":8},"end":{"line":57,"column":null}},"37":{"start":{"line":59,"column":18},"end":{"line":62,"column":null}},"38":{"start":{"line":60,"column":4},"end":{"line":60,"column":null}},"39":{"start":{"line":61,"column":4},"end":{"line":61,"column":null}},"40":{"start":{"line":64,"column":2},"end":{"line":68,"column":null}},"41":{"start":{"line":65,"column":4},"end":{"line":67,"column":null}},"42":{"start":{"line":66,"column":6},"end":{"line":66,"column":null}},"43":{"start":{"line":66,"column":54},"end":{"line":66,"column":77}},"44":{"start":{"line":70,"column":8},"end":{"line":100,"column":null}},"45":{"start":{"line":71,"column":4},"end":{"line":98,"column":null}},"46":{"start":{"line":72,"column":19},"end":{"line":72,"column":null}},"47":{"start":{"line":73,"column":21},"end":{"line":73,"column":null}},"48":{"start":{"line":73,"column":50},"end":{"line":73,"column":60}},"49":{"start":{"line":74,"column":22},"end":{"line":74,"column":null}},"50":{"start":{"line":75,"column":24},"end":{"line":75,"column":null}},"51":{"start":{"line":75,"column":48},"end":{"line":75,"column":80}},"52":{"start":{"line":76,"column":21},"end":{"line":76,"column":null}},"53":{"start":{"line":78,"column":6},"end":{"line":80,"column":null}},"54":{"start":{"line":79,"column":8},"end":{"line":79,"column":null}},"55":{"start":{"line":81,"column":6},"end":{"line":85,"column":null}},"56":{"start":{"line":82,"column":8},"end":{"line":84,"column":null}},"57":{"start":{"line":83,"column":10},"end":{"line":83,"column":null}},"58":{"start":{"line":87,"column":6},"end":{"line":92,"column":null}},"59":{"start":{"line":88,"column":8},"end":{"line":88,"column":null}},"60":{"start":{"line":88,"column":64},"end":{"line":88,"column":74}},"61":{"start":{"line":89,"column":8},"end":{"line":91,"column":null}},"62":{"start":{"line":90,"column":10},"end":{"line":90,"column":null}},"63":{"start":{"line":90,"column":27},"end":{"line":90,"column":98}},"64":{"start":{"line":93,"column":6},"end":{"line":93,"column":null}},"65":{"start":{"line":94,"column":6},"end":{"line":94,"column":null}},"66":{"start":{"line":95,"column":6},"end":{"line":97,"column":null}},"67":{"start":{"line":96,"column":8},"end":{"line":96,"column":null}},"68":{"start":{"line":96,"column":27},"end":{"line":96,"column":59}},"69":{"start":{"line":98,"column":18},"end":{"line":98,"column":55}},"70":{"start":{"line":99,"column":4},"end":{"line":99,"column":null}},"71":{"start":{"line":102,"column":2},"end":{"line":102,"column":null}},"72":{"start":{"line":102,"column":20},"end":{"line":102,"column":28}},"73":{"start":{"line":102,"column":39},"end":{"line":102,"column":83}},"74":{"start":{"line":102,"column":83},"end":{"line":102,"column":114}},"75":{"start":{"line":102,"column":96},"end":{"line":102,"column":114}},"76":{"start":{"line":103,"column":2},"end":{"line":103,"column":null}},"77":{"start":{"line":103,"column":20},"end":{"line":103,"column":35}},"78":{"start":{"line":104,"column":2},"end":{"line":110,"column":null}},"79":{"start":{"line":105,"column":4},"end":{"line":105,"column":null}},"80":{"start":{"line":105,"column":78},"end":{"line":105,"column":null}},"81":{"start":{"line":106,"column":4},"end":{"line":109,"column":null}},"82":{"start":{"line":107,"column":20},"end":{"line":107,"column":null}},"83":{"start":{"line":108,"column":6},"end":{"line":108,"column":null}},"84":{"start":{"line":108,"column":57},"end":{"line":108,"column":96}},"85":{"start":{"line":112,"column":23},"end":{"line":123,"column":null}},"86":{"start":{"line":113,"column":4},"end":{"line":122,"column":null}},"87":{"start":{"line":114,"column":16},"end":{"line":114,"column":null}},"88":{"start":{"line":115,"column":27},"end":{"line":115,"column":null}},"89":{"start":{"line":116,"column":12},"end":{"line":120,"column":null}},"90":{"start":{"line":116,"column":110},"end":{"line":120,"column":8}},"91":{"start":{"line":121,"column":6},"end":{"line":121,"column":null}},"92":{"start":{"line":122,"column":18},"end":{"line":122,"column":64}},"93":{"start":{"line":125,"column":20},"end":{"line":130,"column":null}},"94":{"start":{"line":126,"column":4},"end":{"line":126,"column":null}},"95":{"start":{"line":127,"column":4},"end":{"line":127,"column":null}},"96":{"start":{"line":127,"column":40},"end":{"line":127,"column":null}},"97":{"start":{"line":128,"column":4},"end":{"line":128,"column":null}},"98":{"start":{"line":129,"column":4},"end":{"line":129,"column":null}},"99":{"start":{"line":132,"column":23},"end":{"line":146,"column":null}},"100":{"start":{"line":133,"column":18},"end":{"line":133,"column":null}},"101":{"start":{"line":133,"column":35},"end":{"line":133,"column":57}},"102":{"start":{"line":134,"column":4},"end":{"line":134,"column":null}},"103":{"start":{"line":134,"column":16},"end":{"line":134,"column":null}},"104":{"start":{"line":135,"column":4},"end":{"line":139,"column":null}},"105":{"start":{"line":136,"column":6},"end":{"line":138,"column":null}},"106":{"start":{"line":137,"column":8},"end":{"line":137,"column":null}},"107":{"start":{"line":140,"column":4},"end":{"line":140,"column":null}},"108":{"start":{"line":140,"column":40},"end":{"line":140,"column":null}},"109":{"start":{"line":141,"column":4},"end":{"line":143,"column":null}},"110":{"start":{"line":142,"column":8},"end":{"line":142,"column":null}},"111":{"start":{"line":144,"column":4},"end":{"line":144,"column":null}},"112":{"start":{"line":145,"column":4},"end":{"line":145,"column":null}},"113":{"start":{"line":148,"column":21},"end":{"line":156,"column":null}},"114":{"start":{"line":149,"column":19},"end":{"line":149,"column":null}},"115":{"start":{"line":150,"column":4},"end":{"line":150,"column":null}},"116":{"start":{"line":150,"column":26},"end":{"line":150,"column":70}},"117":{"start":{"line":150,"column":70},"end":{"line":150,"column":77}},"118":{"start":{"line":151,"column":4},"end":{"line":153,"column":null}},"119":{"start":{"line":152,"column":6},"end":{"line":152,"column":null}},"120":{"start":{"line":154,"column":4},"end":{"line":154,"column":null}},"121":{"start":{"line":155,"column":4},"end":{"line":155,"column":null}},"122":{"start":{"line":158,"column":21},"end":{"line":166,"column":null}},"123":{"start":{"line":159,"column":4},"end":{"line":165,"column":null}},"124":{"start":{"line":160,"column":22},"end":{"line":160,"column":null}},"125":{"start":{"line":161,"column":6},"end":{"line":161,"column":null}},"126":{"start":{"line":162,"column":6},"end":{"line":162,"column":null}},"127":{"start":{"line":162,"column":19},"end":{"line":162,"column":null}},"128":{"start":{"line":164,"column":6},"end":{"line":164,"column":null}},"129":{"start":{"line":168,"column":2},"end":{"line":168,"column":null}},"130":{"start":{"line":168,"column":15},"end":{"line":168,"column":null}},"131":{"start":{"line":170,"column":17},"end":{"line":170,"column":null}},"132":{"start":{"line":170,"column":36},"end":{"line":170,"column":108}},"133":{"start":{"line":170,"column":61},"end":{"line":170,"column":107}},"134":{"start":{"line":171,"column":17},"end":{"line":171,"column":null}},"135":{"start":{"line":171,"column":36},"end":{"line":171,"column":109}},"136":{"start":{"line":171,"column":62},"end":{"line":171,"column":108}},"137":{"start":{"line":173,"column":51},"end":{"line":178,"column":null}},"138":{"start":{"line":180,"column":19},"end":{"line":187,"column":null}},"139":{"start":{"line":181,"column":4},"end":{"line":184,"column":null}},"140":{"start":{"line":182,"column":23},"end":{"line":182,"column":null}},"141":{"start":{"line":183,"column":6},"end":{"line":183,"column":null}},"142":{"start":{"line":183,"column":36},"end":{"line":183,"column":93}},"143":{"start":{"line":183,"column":55},"end":{"line":183,"column":92}},"144":{"start":{"line":183,"column":96},"end":{"line":183,"column":null}},"145":{"start":{"line":185,"column":4},"end":{"line":185,"column":null}},"146":{"start":{"line":185,"column":58},"end":{"line":185,"column":78}},"147":{"start":{"line":185,"column":81},"end":{"line":185,"column":null}},"148":{"start":{"line":186,"column":4},"end":{"line":186,"column":null}},"149":{"start":{"line":189,"column":25},"end":{"line":189,"column":null}},"150":{"start":{"line":190,"column":25},"end":{"line":190,"column":null}},"151":{"start":{"line":192,"column":22},"end":{"line":192,"column":null}},"152":{"start":{"line":193,"column":21},"end":{"line":193,"column":null}},"153":{"start":{"line":195,"column":2},"end":{"line":204,"column":null}},"154":{"start":{"line":196,"column":17},"end":{"line":196,"column":93}},"155":{"start":{"line":196,"column":46},"end":{"line":196,"column":93}},"156":{"start":{"line":197,"column":15},"end":{"line":197,"column":null}},"157":{"start":{"line":198,"column":15},"end":{"line":198,"column":null}},"158":{"start":{"line":199,"column":15},"end":{"line":199,"column":null}},"159":{"start":{"line":200,"column":15},"end":{"line":200,"column":null}},"160":{"start":{"line":201,"column":23},"end":{"line":201,"column":null}},"161":{"start":{"line":201,"column":48},"end":{"line":201,"column":66}},"162":{"start":{"line":202,"column":24},"end":{"line":202,"column":null}},"163":{"start":{"line":202,"column":49},"end":{"line":202,"column":88}},"164":{"start":{"line":203,"column":16},"end":{"line":203,"column":null}},"165":{"start":{"line":206,"column":2},"end":{"line":305,"column":null}},"166":{"start":{"line":212,"column":78},"end":{"line":212,"column":117}},"167":{"start":{"line":215,"column":16},"end":{"line":215,"column":null}},"168":{"start":{"line":219,"column":33},"end":{"line":219,"column":94}},"169":{"start":{"line":224,"column":33},"end":{"line":224,"column":86}},"170":{"start":{"line":238,"column":33},"end":{"line":238,"column":65}},"171":{"start":{"line":257,"column":100},"end":{"line":257,"column":147}},"172":{"start":{"line":261,"column":98},"end":{"line":261,"column":144}},"173":{"start":{"line":265,"column":78},"end":{"line":265,"column":118}},"174":{"start":{"line":273,"column":98},"end":{"line":273,"column":148}},"175":{"start":{"line":277,"column":80},"end":{"line":277,"column":140}},"176":{"start":{"line":286,"column":42},"end":{"line":286,"column":161}},"177":{"start":{"line":302,"column":40},"end":{"line":302,"column":220}},"178":{"start":{"line":310,"column":8},"end":{"line":310,"column":null}},"179":{"start":{"line":311,"column":8},"end":{"line":311,"column":null}},"180":{"start":{"line":312,"column":8},"end":{"line":312,"column":null}},"181":{"start":{"line":313,"column":36},"end":{"line":313,"column":null}},"182":{"start":{"line":314,"column":38},"end":{"line":314,"column":null}},"183":{"start":{"line":315,"column":28},"end":{"line":315,"column":null}},"184":{"start":{"line":316,"column":19},"end":{"line":316,"column":null}},"185":{"start":{"line":317,"column":19},"end":{"line":317,"column":null}},"186":{"start":{"line":318,"column":23},"end":{"line":318,"column":null}},"187":{"start":{"line":318,"column":54},"end":{"line":318,"column":74}},"188":{"start":{"line":320,"column":21},"end":{"line":328,"column":null}},"189":{"start":{"line":321,"column":4},"end":{"line":327,"column":null}},"190":{"start":{"line":322,"column":16},"end":{"line":322,"column":null}},"191":{"start":{"line":323,"column":6},"end":{"line":326,"column":null}},"192":{"start":{"line":324,"column":8},"end":{"line":324,"column":null}},"193":{"start":{"line":325,"column":8},"end":{"line":325,"column":null}},"194":{"start":{"line":330,"column":24},"end":{"line":337,"column":null}},"195":{"start":{"line":331,"column":4},"end":{"line":331,"column":null}},"196":{"start":{"line":331,"column":18},"end":{"line":331,"column":null}},"197":{"start":{"line":332,"column":4},"end":{"line":336,"column":null}},"198":{"start":{"line":333,"column":6},"end":{"line":333,"column":null}},"199":{"start":{"line":334,"column":6},"end":{"line":334,"column":null}},"200":{"start":{"line":335,"column":6},"end":{"line":335,"column":null}},"201":{"start":{"line":339,"column":41},"end":{"line":339,"column":null}},"202":{"start":{"line":340,"column":2},"end":{"line":345,"column":null}},"203":{"start":{"line":341,"column":4},"end":{"line":341,"column":null}},"204":{"start":{"line":341,"column":33},"end":{"line":341,"column":null}},"205":{"start":{"line":342,"column":18},"end":{"line":342,"column":null}},"206":{"start":{"line":343,"column":4},"end":{"line":343,"column":null}},"207":{"start":{"line":343,"column":25},"end":{"line":343,"column":null}},"208":{"start":{"line":344,"column":4},"end":{"line":344,"column":null}},"209":{"start":{"line":347,"column":8},"end":{"line":356,"column":null}},"210":{"start":{"line":348,"column":65},"end":{"line":348,"column":null}},"211":{"start":{"line":349,"column":4},"end":{"line":354,"column":null}},"212":{"start":{"line":350,"column":20},"end":{"line":350,"column":null}},"213":{"start":{"line":351,"column":6},"end":{"line":351,"column":null}},"214":{"start":{"line":351,"column":23},"end":{"line":351,"column":null}},"215":{"start":{"line":352,"column":6},"end":{"line":352,"column":null}},"216":{"start":{"line":353,"column":6},"end":{"line":353,"column":null}},"217":{"start":{"line":353,"column":35},"end":{"line":353,"column":null}},"218":{"start":{"line":355,"column":4},"end":{"line":355,"column":null}},"219":{"start":{"line":355,"column":51},"end":{"line":355,"column":66}},"220":{"start":{"line":358,"column":21},"end":{"line":365,"column":null}},"221":{"start":{"line":359,"column":4},"end":{"line":363,"column":null}},"222":{"start":{"line":360,"column":6},"end":{"line":362,"column":null}},"223":{"start":{"line":361,"column":8},"end":{"line":361,"column":null}},"224":{"start":{"line":364,"column":4},"end":{"line":364,"column":null}},"225":{"start":{"line":367,"column":24},"end":{"line":371,"column":null}},"226":{"start":{"line":368,"column":4},"end":{"line":368,"column":null}},"227":{"start":{"line":368,"column":33},"end":{"line":368,"column":null}},"228":{"start":{"line":369,"column":4},"end":{"line":369,"column":null}},"229":{"start":{"line":369,"column":35},"end":{"line":369,"column":null}},"230":{"start":{"line":370,"column":4},"end":{"line":370,"column":null}},"231":{"start":{"line":373,"column":27},"end":{"line":376,"column":null}},"232":{"start":{"line":374,"column":4},"end":{"line":374,"column":null}},"233":{"start":{"line":375,"column":4},"end":{"line":375,"column":null}},"234":{"start":{"line":378,"column":26},"end":{"line":382,"column":null}},"235":{"start":{"line":379,"column":4},"end":{"line":379,"column":null}},"236":{"start":{"line":380,"column":17},"end":{"line":380,"column":null}},"237":{"start":{"line":381,"column":4},"end":{"line":381,"column":null}},"238":{"start":{"line":381,"column":18},"end":{"line":381,"column":null}},"239":{"start":{"line":384,"column":25},"end":{"line":389,"column":null}},"240":{"start":{"line":385,"column":4},"end":{"line":387,"column":null}},"241":{"start":{"line":386,"column":6},"end":{"line":386,"column":null}},"242":{"start":{"line":388,"column":4},"end":{"line":388,"column":null}},"243":{"start":{"line":391,"column":2},"end":{"line":467,"column":null}},"244":{"start":{"line":409,"column":29},"end":{"line":409,"column":null}},"245":{"start":{"line":411,"column":35},"end":{"line":411,"column":null}},"246":{"start":{"line":420,"column":35},"end":{"line":420,"column":63}},"247":{"start":{"line":425,"column":20},"end":{"line":425,"column":332}},"248":{"start":{"line":425,"column":39},"end":{"line":425,"column":71}},"249":{"start":{"line":425,"column":71},"end":{"line":425,"column":102}},"250":{"start":{"line":425,"column":89},"end":{"line":425,"column":102}},"251":{"start":{"line":425,"column":102},"end":{"line":425,"column":309}},"252":{"start":{"line":425,"column":218},"end":{"line":425,"column":300}},"253":{"start":{"line":425,"column":319},"end":{"line":425,"column":331}},"254":{"start":{"line":429,"column":16},"end":{"line":436,"column":null}},"255":{"start":{"line":433,"column":43},"end":{"line":433,"column":64}},"256":{"start":{"line":458,"column":8},"end":{"line":463,"column":null}},"257":{"start":{"line":461,"column":12},"end":{"line":461,"column":null}},"258":{"start":{"line":472,"column":8},"end":{"line":472,"column":null}},"259":{"start":{"line":473,"column":26},"end":{"line":473,"column":null}},"260":{"start":{"line":474,"column":22},"end":{"line":474,"column":null}},"261":{"start":{"line":476,"column":23},"end":{"line":476,"column":null}},"262":{"start":{"line":476,"column":50},"end":{"line":476,"column":88}},"263":{"start":{"line":477,"column":22},"end":{"line":480,"column":null}},"264":{"start":{"line":478,"column":17},"end":{"line":478,"column":null}},"265":{"start":{"line":479,"column":4},"end":{"line":479,"column":null}},"266":{"start":{"line":479,"column":18},"end":{"line":479,"column":null}},"267":{"start":{"line":481,"column":21},"end":{"line":487,"column":null}},"268":{"start":{"line":482,"column":4},"end":{"line":485,"column":null}},"269":{"start":{"line":483,"column":6},"end":{"line":483,"column":null}},"270":{"start":{"line":484,"column":6},"end":{"line":484,"column":null}},"271":{"start":{"line":484,"column":23},"end":{"line":484,"column":41}},"272":{"start":{"line":486,"column":4},"end":{"line":486,"column":null}},"273":{"start":{"line":489,"column":2},"end":{"line":492,"column":null}},"274":{"start":{"line":489,"column":12},"end":{"line":492,"column":null}},"275":{"start":{"line":495,"column":2},"end":{"line":525,"column":null}},"276":{"start":{"line":515,"column":12},"end":{"line":515,"column":null}},"277":{"start":{"line":515,"column":28},"end":{"line":515,"column":56}},"278":{"start":{"line":515,"column":56},"end":{"line":515,"column":107}},"279":{"start":{"line":515,"column":81},"end":{"line":515,"column":94}},"280":{"start":{"line":515,"column":117},"end":{"line":515,"column":127}},"281":{"start":{"line":521,"column":31},"end":{"line":521,"column":49}}},"fnMap":{"0":{"name":"playBeep","decl":{"start":{"line":9,"column":9},"end":{"line":9,"column":18}},"loc":{"start":{"line":9,"column":61},"end":{"line":31,"column":null}},"line":9},"1":{"name":"(anonymous_1)","decl":{"start":{"line":11,"column":17},"end":{"line":11,"column":18}},"loc":{"start":{"line":11,"column":36},"end":{"line":23,"column":null}},"line":11},"2":{"name":"(anonymous_2)","decl":{"start":{"line":25,"column":41},"end":{"line":25,"column":47}},"loc":{"start":{"line":25,"column":47},"end":{"line":25,"column":56}},"line":25},"3":{"name":"(anonymous_3)","decl":{"start":{"line":27,"column":17},"end":{"line":27,"column":23}},"loc":{"start":{"line":27,"column":23},"end":{"line":27,"column":32}},"line":27},"4":{"name":"(anonymous_4)","decl":{"start":{"line":28,"column":17},"end":{"line":28,"column":23}},"loc":{"start":{"line":28,"column":23},"end":{"line":28,"column":33}},"line":28},"5":{"name":"(anonymous_5)","decl":{"start":{"line":33,"column":20},"end":{"line":33,"column":27}},"loc":{"start":{"line":33,"column":27},"end":{"line":42,"column":null}},"line":33},"6":{"name":"KDS","decl":{"start":{"line":44,"column":24},"end":{"line":44,"column":28}},"loc":{"start":{"line":44,"column":79},"end":{"line":307,"column":null}},"line":44},"7":{"name":"(anonymous_7)","decl":{"start":{"line":59,"column":18},"end":{"line":59,"column":19}},"loc":{"start":{"line":59,"column":45},"end":{"line":62,"column":null}},"line":59},"8":{"name":"(anonymous_8)","decl":{"start":{"line":64,"column":12},"end":{"line":64,"column":18}},"loc":{"start":{"line":64,"column":18},"end":{"line":68,"column":5}},"line":64},"9":{"name":"(anonymous_9)","decl":{"start":{"line":66,"column":43},"end":{"line":66,"column":54}},"loc":{"start":{"line":66,"column":54},"end":{"line":66,"column":77}},"line":66},"10":{"name":"(anonymous_10)","decl":{"start":{"line":70,"column":27},"end":{"line":70,"column":39}},"loc":{"start":{"line":70,"column":39},"end":{"line":100,"column":5}},"line":70},"11":{"name":"(anonymous_11)","decl":{"start":{"line":73,"column":38},"end":{"line":73,"column":39}},"loc":{"start":{"line":73,"column":50},"end":{"line":73,"column":60}},"line":73},"12":{"name":"(anonymous_12)","decl":{"start":{"line":75,"column":36},"end":{"line":75,"column":37}},"loc":{"start":{"line":75,"column":48},"end":{"line":75,"column":80}},"line":75},"13":{"name":"(anonymous_13)","decl":{"start":{"line":88,"column":52},"end":{"line":88,"column":53}},"loc":{"start":{"line":88,"column":64},"end":{"line":88,"column":74}},"line":88},"14":{"name":"(anonymous_14)","decl":{"start":{"line":90,"column":21},"end":{"line":90,"column":27}},"loc":{"start":{"line":90,"column":27},"end":{"line":90,"column":98}},"line":90},"15":{"name":"(anonymous_15)","decl":{"start":{"line":96,"column":19},"end":{"line":96,"column":25}},"loc":{"start":{"line":96,"column":25},"end":{"line":96,"column":62}},"line":96},"16":{"name":"(anonymous_16)","decl":{"start":{"line":102,"column":12},"end":{"line":102,"column":18}},"loc":{"start":{"line":102,"column":18},"end":{"line":102,"column":117}},"line":102},"17":{"name":"(anonymous_17)","decl":{"start":{"line":102,"column":90},"end":{"line":102,"column":96}},"loc":{"start":{"line":102,"column":96},"end":{"line":102,"column":114}},"line":102},"18":{"name":"(anonymous_18)","decl":{"start":{"line":103,"column":12},"end":{"line":103,"column":18}},"loc":{"start":{"line":103,"column":18},"end":{"line":103,"column":38}},"line":103},"19":{"name":"(anonymous_19)","decl":{"start":{"line":104,"column":15},"end":{"line":104,"column":16}},"loc":{"start":{"line":104,"column":24},"end":{"line":110,"column":3}},"line":104},"20":{"name":"(anonymous_20)","decl":{"start":{"line":108,"column":45},"end":{"line":108,"column":46}},"loc":{"start":{"line":108,"column":57},"end":{"line":108,"column":96}},"line":108},"21":{"name":"(anonymous_21)","decl":{"start":{"line":112,"column":23},"end":{"line":112,"column":35}},"loc":{"start":{"line":112,"column":35},"end":{"line":123,"column":null}},"line":112},"22":{"name":"(anonymous_22)","decl":{"start":{"line":116,"column":94},"end":{"line":116,"column":95}},"loc":{"start":{"line":116,"column":110},"end":{"line":120,"column":8}},"line":116},"23":{"name":"(anonymous_23)","decl":{"start":{"line":125,"column":20},"end":{"line":125,"column":27}},"loc":{"start":{"line":125,"column":46},"end":{"line":130,"column":null}},"line":125},"24":{"name":"(anonymous_24)","decl":{"start":{"line":132,"column":23},"end":{"line":132,"column":30}},"loc":{"start":{"line":132,"column":50},"end":{"line":146,"column":null}},"line":132},"25":{"name":"(anonymous_25)","decl":{"start":{"line":133,"column":30},"end":{"line":133,"column":35}},"loc":{"start":{"line":133,"column":35},"end":{"line":133,"column":57}},"line":133},"26":{"name":"(anonymous_26)","decl":{"start":{"line":148,"column":21},"end":{"line":148,"column":33}},"loc":{"start":{"line":148,"column":33},"end":{"line":156,"column":null}},"line":148},"27":{"name":"(anonymous_27)","decl":{"start":{"line":158,"column":21},"end":{"line":158,"column":33}},"loc":{"start":{"line":158,"column":33},"end":{"line":166,"column":null}},"line":158},"28":{"name":"(anonymous_28)","decl":{"start":{"line":170,"column":31},"end":{"line":170,"column":36}},"loc":{"start":{"line":170,"column":36},"end":{"line":170,"column":108}},"line":170},"29":{"name":"(anonymous_29)","decl":{"start":{"line":170,"column":49},"end":{"line":170,"column":50}},"loc":{"start":{"line":170,"column":61},"end":{"line":170,"column":107}},"line":170},"30":{"name":"(anonymous_30)","decl":{"start":{"line":171,"column":31},"end":{"line":171,"column":36}},"loc":{"start":{"line":171,"column":36},"end":{"line":171,"column":109}},"line":171},"31":{"name":"(anonymous_31)","decl":{"start":{"line":171,"column":50},"end":{"line":171,"column":51}},"loc":{"start":{"line":171,"column":62},"end":{"line":171,"column":108}},"line":171},"32":{"name":"(anonymous_32)","decl":{"start":{"line":180,"column":19},"end":{"line":180,"column":20}},"loc":{"start":{"line":180,"column":31},"end":{"line":187,"column":null}},"line":180},"33":{"name":"(anonymous_33)","decl":{"start":{"line":183,"column":24},"end":{"line":183,"column":25}},"loc":{"start":{"line":183,"column":36},"end":{"line":183,"column":93}},"line":183},"34":{"name":"(anonymous_34)","decl":{"start":{"line":183,"column":50},"end":{"line":183,"column":55}},"loc":{"start":{"line":183,"column":55},"end":{"line":183,"column":92}},"line":183},"35":{"name":"(anonymous_35)","decl":{"start":{"line":185,"column":46},"end":{"line":185,"column":47}},"loc":{"start":{"line":185,"column":58},"end":{"line":185,"column":78}},"line":185},"36":{"name":"(anonymous_36)","decl":{"start":{"line":196,"column":9},"end":{"line":196,"column":15}},"loc":{"start":{"line":196,"column":15},"end":{"line":196,"column":null}},"line":196},"37":{"name":"(anonymous_37)","decl":{"start":{"line":197,"column":9},"end":{"line":197,"column":15}},"loc":{"start":{"line":197,"column":15},"end":{"line":197,"column":null}},"line":197},"38":{"name":"(anonymous_38)","decl":{"start":{"line":198,"column":9},"end":{"line":198,"column":15}},"loc":{"start":{"line":198,"column":15},"end":{"line":198,"column":null}},"line":198},"39":{"name":"(anonymous_39)","decl":{"start":{"line":199,"column":9},"end":{"line":199,"column":15}},"loc":{"start":{"line":199,"column":15},"end":{"line":199,"column":null}},"line":199},"40":{"name":"(anonymous_40)","decl":{"start":{"line":200,"column":9},"end":{"line":200,"column":15}},"loc":{"start":{"line":200,"column":15},"end":{"line":200,"column":null}},"line":200},"41":{"name":"(anonymous_41)","decl":{"start":{"line":201,"column":17},"end":{"line":201,"column":23}},"loc":{"start":{"line":201,"column":23},"end":{"line":201,"column":null}},"line":201},"42":{"name":"(anonymous_42)","decl":{"start":{"line":201,"column":43},"end":{"line":201,"column":48}},"loc":{"start":{"line":201,"column":48},"end":{"line":201,"column":66}},"line":201},"43":{"name":"(anonymous_43)","decl":{"start":{"line":202,"column":18},"end":{"line":202,"column":24}},"loc":{"start":{"line":202,"column":24},"end":{"line":202,"column":null}},"line":202},"44":{"name":"(anonymous_44)","decl":{"start":{"line":202,"column":44},"end":{"line":202,"column":49}},"loc":{"start":{"line":202,"column":49},"end":{"line":202,"column":88}},"line":202},"45":{"name":"(anonymous_45)","decl":{"start":{"line":203,"column":10},"end":{"line":203,"column":16}},"loc":{"start":{"line":203,"column":16},"end":{"line":203,"column":null}},"line":203},"46":{"name":"(anonymous_46)","decl":{"start":{"line":212,"column":73},"end":{"line":212,"column":78}},"loc":{"start":{"line":212,"column":78},"end":{"line":212,"column":117}},"line":212},"47":{"name":"(anonymous_47)","decl":{"start":{"line":214,"column":32},"end":{"line":214,"column":null}},"loc":{"start":{"line":215,"column":16},"end":{"line":215,"column":null}},"line":215},"48":{"name":"(anonymous_48)","decl":{"start":{"line":219,"column":27},"end":{"line":219,"column":33}},"loc":{"start":{"line":219,"column":33},"end":{"line":219,"column":94}},"line":219},"49":{"name":"(anonymous_49)","decl":{"start":{"line":224,"column":27},"end":{"line":224,"column":33}},"loc":{"start":{"line":224,"column":33},"end":{"line":224,"column":86}},"line":224},"50":{"name":"(anonymous_50)","decl":{"start":{"line":238,"column":27},"end":{"line":238,"column":33}},"loc":{"start":{"line":238,"column":33},"end":{"line":238,"column":65}},"line":238},"51":{"name":"(anonymous_51)","decl":{"start":{"line":257,"column":95},"end":{"line":257,"column":100}},"loc":{"start":{"line":257,"column":100},"end":{"line":257,"column":147}},"line":257},"52":{"name":"(anonymous_52)","decl":{"start":{"line":261,"column":93},"end":{"line":261,"column":98}},"loc":{"start":{"line":261,"column":98},"end":{"line":261,"column":144}},"line":261},"53":{"name":"(anonymous_53)","decl":{"start":{"line":265,"column":73},"end":{"line":265,"column":78}},"loc":{"start":{"line":265,"column":78},"end":{"line":265,"column":118}},"line":265},"54":{"name":"(anonymous_54)","decl":{"start":{"line":273,"column":93},"end":{"line":273,"column":98}},"loc":{"start":{"line":273,"column":98},"end":{"line":273,"column":148}},"line":273},"55":{"name":"(anonymous_55)","decl":{"start":{"line":277,"column":75},"end":{"line":277,"column":80}},"loc":{"start":{"line":277,"column":80},"end":{"line":277,"column":140}},"line":277},"56":{"name":"(anonymous_56)","decl":{"start":{"line":286,"column":32},"end":{"line":286,"column":33}},"loc":{"start":{"line":286,"column":42},"end":{"line":286,"column":161}},"line":286},"57":{"name":"(anonymous_57)","decl":{"start":{"line":302,"column":30},"end":{"line":302,"column":31}},"loc":{"start":{"line":302,"column":40},"end":{"line":302,"column":220}},"line":302},"58":{"name":"KdsCard","decl":{"start":{"line":309,"column":9},"end":{"line":309,"column":17}},"loc":{"start":{"line":309,"column":215},"end":{"line":469,"column":null}},"line":309},"59":{"name":"(anonymous_59)","decl":{"start":{"line":318,"column":42},"end":{"line":318,"column":43}},"loc":{"start":{"line":318,"column":54},"end":{"line":318,"column":74}},"line":318},"60":{"name":"(anonymous_60)","decl":{"start":{"line":320,"column":21},"end":{"line":320,"column":33}},"loc":{"start":{"line":320,"column":33},"end":{"line":328,"column":null}},"line":320},"61":{"name":"(anonymous_61)","decl":{"start":{"line":330,"column":24},"end":{"line":330,"column":36}},"loc":{"start":{"line":330,"column":36},"end":{"line":337,"column":null}},"line":330},"62":{"name":"(anonymous_62)","decl":{"start":{"line":347,"column":75},"end":{"line":347,"column":81}},"loc":{"start":{"line":347,"column":81},"end":{"line":356,"column":5}},"line":347},"63":{"name":"(anonymous_63)","decl":{"start":{"line":355,"column":35},"end":{"line":355,"column":36}},"loc":{"start":{"line":355,"column":51},"end":{"line":355,"column":66}},"line":355},"64":{"name":"(anonymous_64)","decl":{"start":{"line":358,"column":21},"end":{"line":358,"column":28}},"loc":{"start":{"line":358,"column":51},"end":{"line":365,"column":null}},"line":358},"65":{"name":"(anonymous_65)","decl":{"start":{"line":367,"column":24},"end":{"line":367,"column":25}},"loc":{"start":{"line":367,"column":39},"end":{"line":371,"column":null}},"line":367},"66":{"name":"(anonymous_66)","decl":{"start":{"line":373,"column":27},"end":{"line":373,"column":28}},"loc":{"start":{"line":373,"column":52},"end":{"line":376,"column":null}},"line":373},"67":{"name":"(anonymous_67)","decl":{"start":{"line":378,"column":26},"end":{"line":378,"column":27}},"loc":{"start":{"line":378,"column":51},"end":{"line":382,"column":null}},"line":378},"68":{"name":"(anonymous_68)","decl":{"start":{"line":384,"column":25},"end":{"line":384,"column":31}},"loc":{"start":{"line":384,"column":31},"end":{"line":389,"column":null}},"line":384},"69":{"name":"(anonymous_69)","decl":{"start":{"line":409,"column":29},"end":{"line":409,"column":35}},"loc":{"start":{"line":409,"column":29},"end":{"line":409,"column":null}},"line":409},"70":{"name":"(anonymous_70)","decl":{"start":{"line":411,"column":29},"end":{"line":411,"column":35}},"loc":{"start":{"line":411,"column":35},"end":{"line":411,"column":null}},"line":411},"71":{"name":"(anonymous_71)","decl":{"start":{"line":420,"column":29},"end":{"line":420,"column":35}},"loc":{"start":{"line":420,"column":35},"end":{"line":420,"column":63}},"line":420},"72":{"name":"(anonymous_72)","decl":{"start":{"line":425,"column":12},"end":{"line":425,"column":18}},"loc":{"start":{"line":425,"column":18},"end":{"line":425,"column":335}},"line":425},"73":{"name":"(anonymous_73)","decl":{"start":{"line":425,"column":192},"end":{"line":425,"column":193}},"loc":{"start":{"line":425,"column":218},"end":{"line":425,"column":300}},"line":425},"74":{"name":"(anonymous_74)","decl":{"start":{"line":428,"column":34},"end":{"line":428,"column":null}},"loc":{"start":{"line":429,"column":16},"end":{"line":436,"column":null}},"line":429},"75":{"name":"(anonymous_75)","decl":{"start":{"line":433,"column":37},"end":{"line":433,"column":43}},"loc":{"start":{"line":433,"column":43},"end":{"line":433,"column":64}},"line":433},"76":{"name":"(anonymous_76)","decl":{"start":{"line":457,"column":72},"end":{"line":457,"column":73}},"loc":{"start":{"line":458,"column":8},"end":{"line":463,"column":null}},"line":458},"77":{"name":"(anonymous_77)","decl":{"start":{"line":460,"column":22},"end":{"line":460,"column":23}},"loc":{"start":{"line":461,"column":12},"end":{"line":461,"column":null}},"line":461},"78":{"name":"SwipeableItem","decl":{"start":{"line":471,"column":9},"end":{"line":471,"column":23}},"loc":{"start":{"line":471,"column":141},"end":{"line":527,"column":null}},"line":471},"79":{"name":"(anonymous_79)","decl":{"start":{"line":476,"column":23},"end":{"line":476,"column":24}},"loc":{"start":{"line":476,"column":48},"end":{"line":476,"column":null}},"line":476},"80":{"name":"(anonymous_80)","decl":{"start":{"line":477,"column":22},"end":{"line":477,"column":23}},"loc":{"start":{"line":477,"column":47},"end":{"line":480,"column":null}},"line":477},"81":{"name":"(anonymous_81)","decl":{"start":{"line":481,"column":21},"end":{"line":481,"column":27}},"loc":{"start":{"line":481,"column":27},"end":{"line":487,"column":null}},"line":481},"82":{"name":"(anonymous_82)","decl":{"start":{"line":484,"column":17},"end":{"line":484,"column":23}},"loc":{"start":{"line":484,"column":23},"end":{"line":484,"column":41}},"line":484},"83":{"name":"(anonymous_83)","decl":{"start":{"line":514,"column":30},"end":{"line":514,"column":36}},"loc":{"start":{"line":514,"column":36},"end":{"line":516,"column":13}},"line":514},"84":{"name":"(anonymous_84)","decl":{"start":{"line":515,"column":69},"end":{"line":515,"column":70}},"loc":{"start":{"line":515,"column":81},"end":{"line":515,"column":94}},"line":515},"85":{"name":"(anonymous_85)","decl":{"start":{"line":521,"column":25},"end":{"line":521,"column":31}},"loc":{"start":{"line":521,"column":31},"end":{"line":521,"column":49}},"line":521}},"branchMap":{"0":{"loc":{"start":{"line":9,"column":18},"end":{"line":9,"column":30}},"type":"default-arg","locations":[{"start":{"line":9,"column":25},"end":{"line":9,"column":30}}],"line":9},"1":{"loc":{"start":{"line":9,"column":30},"end":{"line":9,"column":41}},"type":"default-arg","locations":[{"start":{"line":9,"column":36},"end":{"line":9,"column":41}}],"line":9},"2":{"loc":{"start":{"line":9,"column":41},"end":{"line":9,"column":61}},"type":"default-arg","locations":[{"start":{"line":9,"column":51},"end":{"line":9,"column":61}}],"line":9},"3":{"loc":{"start":{"line":12,"column":23},"end":{"line":12,"column":82}},"type":"binary-expr","locations":[{"start":{"line":12,"column":23},"end":{"line":12,"column":47}},{"start":{"line":12,"column":47},"end":{"line":12,"column":82}}],"line":12},"4":{"loc":{"start":{"line":25,"column":4},"end":{"line":29,"column":null}},"type":"if","locations":[{"start":{"line":25,"column":4},"end":{"line":29,"column":null}},{"start":{"line":25,"column":65},"end":{"line":29,"column":null}}],"line":25},"5":{"loc":{"start":{"line":25,"column":65},"end":{"line":29,"column":null}},"type":"if","locations":[{"start":{"line":25,"column":65},"end":{"line":29,"column":null}},{"start":{},"end":{}}],"line":25},"6":{"loc":{"start":{"line":35,"column":17},"end":{"line":35,"column":58}},"type":"binary-expr","locations":[{"start":{"line":35,"column":17},"end":{"line":35,"column":53}},{"start":{"line":35,"column":53},"end":{"line":35,"column":58}}],"line":35},"7":{"loc":{"start":{"line":36,"column":16},"end":{"line":36,"column":56}},"type":"binary-expr","locations":[{"start":{"line":36,"column":16},"end":{"line":36,"column":51}},{"start":{"line":36,"column":51},"end":{"line":36,"column":56}}],"line":36},"8":{"loc":{"start":{"line":37,"column":11},"end":{"line":37,"column":null}},"type":"binary-expr","locations":[{"start":{"line":37,"column":11},"end":{"line":37,"column":50}},{"start":{"line":37,"column":50},"end":{"line":37,"column":null}}],"line":37},"9":{"loc":{"start":{"line":40,"column":20},"end":{"line":40,"column":62}},"type":"binary-expr","locations":[{"start":{"line":40,"column":20},"end":{"line":40,"column":59}},{"start":{"line":40,"column":59},"end":{"line":40,"column":62}}],"line":40},"10":{"loc":{"start":{"line":65,"column":4},"end":{"line":67,"column":null}},"type":"if","locations":[{"start":{"line":65,"column":4},"end":{"line":67,"column":null}},{"start":{},"end":{}}],"line":65},"11":{"loc":{"start":{"line":78,"column":6},"end":{"line":80,"column":null}},"type":"if","locations":[{"start":{"line":78,"column":6},"end":{"line":80,"column":null}},{"start":{},"end":{}}],"line":78},"12":{"loc":{"start":{"line":78,"column":10},"end":{"line":78,"column":47}},"type":"binary-expr","locations":[{"start":{"line":78,"column":10},"end":{"line":78,"column":28}},{"start":{"line":78,"column":28},"end":{"line":78,"column":39}},{"start":{"line":78,"column":39},"end":{"line":78,"column":47}}],"line":78},"13":{"loc":{"start":{"line":81,"column":6},"end":{"line":85,"column":null}},"type":"if","locations":[{"start":{"line":81,"column":6},"end":{"line":85,"column":null}},{"start":{},"end":{}}],"line":81},"14":{"loc":{"start":{"line":81,"column":10},"end":{"line":81,"column":35}},"type":"binary-expr","locations":[{"start":{"line":81,"column":10},"end":{"line":81,"column":27}},{"start":{"line":81,"column":27},"end":{"line":81,"column":35}}],"line":81},"15":{"loc":{"start":{"line":87,"column":6},"end":{"line":92,"column":null}},"type":"if","locations":[{"start":{"line":87,"column":6},"end":{"line":92,"column":null}},{"start":{},"end":{}}],"line":87},"16":{"loc":{"start":{"line":89,"column":8},"end":{"line":91,"column":null}},"type":"if","locations":[{"start":{"line":89,"column":8},"end":{"line":91,"column":null}},{"start":{},"end":{}}],"line":89},"17":{"loc":{"start":{"line":89,"column":12},"end":{"line":89,"column":52}},"type":"binary-expr","locations":[{"start":{"line":89,"column":12},"end":{"line":89,"column":35}},{"start":{"line":89,"column":35},"end":{"line":89,"column":52}}],"line":89},"18":{"loc":{"start":{"line":95,"column":6},"end":{"line":97,"column":null}},"type":"if","locations":[{"start":{"line":95,"column":6},"end":{"line":97,"column":null}},{"start":{},"end":{}}],"line":95},"19":{"loc":{"start":{"line":105,"column":4},"end":{"line":105,"column":null}},"type":"if","locations":[{"start":{"line":105,"column":4},"end":{"line":105,"column":null}},{"start":{},"end":{}}],"line":105},"20":{"loc":{"start":{"line":106,"column":4},"end":{"line":109,"column":null}},"type":"if","locations":[{"start":{"line":106,"column":4},"end":{"line":109,"column":null}},{"start":{},"end":{}}],"line":106},"21":{"loc":{"start":{"line":106,"column":8},"end":{"line":106,"column":60}},"type":"binary-expr","locations":[{"start":{"line":106,"column":8},"end":{"line":106,"column":43}},{"start":{"line":106,"column":43},"end":{"line":106,"column":60}}],"line":106},"22":{"loc":{"start":{"line":116,"column":24},"end":{"line":116,"column":79}},"type":"binary-expr","locations":[{"start":{"line":116,"column":24},"end":{"line":116,"column":54}},{"start":{"line":116,"column":54},"end":{"line":116,"column":79}}],"line":116},"23":{"loc":{"start":{"line":127,"column":4},"end":{"line":127,"column":null}},"type":"if","locations":[{"start":{"line":127,"column":4},"end":{"line":127,"column":null}},{"start":{},"end":{}}],"line":127},"24":{"loc":{"start":{"line":134,"column":4},"end":{"line":134,"column":null}},"type":"if","locations":[{"start":{"line":134,"column":4},"end":{"line":134,"column":null}},{"start":{},"end":{}}],"line":134},"25":{"loc":{"start":{"line":136,"column":6},"end":{"line":138,"column":null}},"type":"if","locations":[{"start":{"line":136,"column":6},"end":{"line":138,"column":null}},{"start":{},"end":{}}],"line":136},"26":{"loc":{"start":{"line":140,"column":4},"end":{"line":140,"column":null}},"type":"if","locations":[{"start":{"line":140,"column":4},"end":{"line":140,"column":null}},{"start":{},"end":{}}],"line":140},"27":{"loc":{"start":{"line":150,"column":4},"end":{"line":150,"column":null}},"type":"if","locations":[{"start":{"line":150,"column":4},"end":{"line":150,"column":null}},{"start":{},"end":{}}],"line":150},"28":{"loc":{"start":{"line":152,"column":40},"end":{"line":152,"column":61}},"type":"binary-expr","locations":[{"start":{"line":152,"column":40},"end":{"line":152,"column":52}},{"start":{"line":152,"column":52},"end":{"line":152,"column":61}}],"line":152},"29":{"loc":{"start":{"line":159,"column":4},"end":{"line":165,"column":null}},"type":"if","locations":[{"start":{"line":159,"column":4},"end":{"line":165,"column":null}},{"start":{"line":163,"column":11},"end":{"line":165,"column":null}}],"line":159},"30":{"loc":{"start":{"line":162,"column":6},"end":{"line":162,"column":null}},"type":"if","locations":[{"start":{"line":162,"column":6},"end":{"line":162,"column":null}},{"start":{},"end":{}}],"line":162},"31":{"loc":{"start":{"line":164,"column":26},"end":{"line":164,"column":54}},"type":"cond-expr","locations":[{"start":{"line":164,"column":42},"end":{"line":164,"column":50}},{"start":{"line":164,"column":50},"end":{"line":164,"column":54}}],"line":164},"32":{"loc":{"start":{"line":168,"column":2},"end":{"line":168,"column":null}},"type":"if","locations":[{"start":{"line":168,"column":2},"end":{"line":168,"column":null}},{"start":{},"end":{}}],"line":168},"33":{"loc":{"start":{"line":170,"column":61},"end":{"line":170,"column":107}},"type":"binary-expr","locations":[{"start":{"line":170,"column":61},"end":{"line":170,"column":87}},{"start":{"line":170,"column":87},"end":{"line":170,"column":107}}],"line":170},"34":{"loc":{"start":{"line":171,"column":62},"end":{"line":171,"column":108}},"type":"binary-expr","locations":[{"start":{"line":171,"column":62},"end":{"line":171,"column":88}},{"start":{"line":171,"column":88},"end":{"line":171,"column":108}}],"line":171},"35":{"loc":{"start":{"line":181,"column":4},"end":{"line":184,"column":null}},"type":"if","locations":[{"start":{"line":181,"column":4},"end":{"line":184,"column":null}},{"start":{},"end":{}}],"line":181},"36":{"loc":{"start":{"line":182,"column":23},"end":{"line":182,"column":null}},"type":"binary-expr","locations":[{"start":{"line":182,"column":23},"end":{"line":182,"column":53}},{"start":{"line":182,"column":53},"end":{"line":182,"column":null}}],"line":182},"37":{"loc":{"start":{"line":183,"column":6},"end":{"line":183,"column":null}},"type":"if","locations":[{"start":{"line":183,"column":6},"end":{"line":183,"column":null}},{"start":{},"end":{}}],"line":183},"38":{"loc":{"start":{"line":185,"column":4},"end":{"line":185,"column":null}},"type":"if","locations":[{"start":{"line":185,"column":4},"end":{"line":185,"column":null}},{"start":{},"end":{}}],"line":185},"39":{"loc":{"start":{"line":185,"column":8},"end":{"line":185,"column":81}},"type":"binary-expr","locations":[{"start":{"line":185,"column":8},"end":{"line":185,"column":32}},{"start":{"line":185,"column":32},"end":{"line":185,"column":81}}],"line":185},"40":{"loc":{"start":{"line":196,"column":17},"end":{"line":196,"column":93}},"type":"if","locations":[{"start":{"line":196,"column":17},"end":{"line":196,"column":93}},{"start":{},"end":{}}],"line":196},"41":{"loc":{"start":{"line":198,"column":36},"end":{"line":198,"column":65}},"type":"cond-expr","locations":[{"start":{"line":198,"column":53},"end":{"line":198,"column":61}},{"start":{"line":198,"column":61},"end":{"line":198,"column":65}}],"line":198},"42":{"loc":{"start":{"line":199,"column":38},"end":{"line":199,"column":73}},"type":"cond-expr","locations":[{"start":{"line":199,"column":61},"end":{"line":199,"column":69}},{"start":{"line":199,"column":69},"end":{"line":199,"column":73}}],"line":199},"43":{"loc":{"start":{"line":211,"column":11},"end":{"line":217,"column":null}},"type":"binary-expr","locations":[{"start":{"line":211,"column":11},"end":{"line":211,"column":null}},{"start":{"line":212,"column":12},"end":{"line":217,"column":null}}],"line":211},"44":{"loc":{"start":{"line":212,"column":45},"end":{"line":212,"column":63}},"type":"binary-expr","locations":[{"start":{"line":212,"column":45},"end":{"line":212,"column":59}},{"start":{"line":212,"column":59},"end":{"line":212,"column":63}}],"line":212},"45":{"loc":{"start":{"line":212,"column":92},"end":{"line":212,"column":114}},"type":"binary-expr","locations":[{"start":{"line":212,"column":92},"end":{"line":212,"column":110}},{"start":{"line":212,"column":110},"end":{"line":212,"column":114}}],"line":212},"46":{"loc":{"start":{"line":219,"column":56},"end":{"line":219,"column":91}},"type":"cond-expr","locations":[{"start":{"line":219,"column":79},"end":{"line":219,"column":87}},{"start":{"line":219,"column":87},"end":{"line":219,"column":91}}],"line":219},"47":{"loc":{"start":{"line":220,"column":24},"end":{"line":220,"column":null}},"type":"cond-expr","locations":[{"start":{"line":220,"column":47},"end":{"line":220,"column":72}},{"start":{"line":220,"column":72},"end":{"line":220,"column":null}}],"line":220},"48":{"loc":{"start":{"line":221,"column":47},"end":{"line":221,"column":94}},"type":"cond-expr","locations":[{"start":{"line":221,"column":70},"end":{"line":221,"column":86}},{"start":{"line":221,"column":86},"end":{"line":221,"column":94}}],"line":221},"49":{"loc":{"start":{"line":221,"column":101},"end":{"line":221,"column":144}},"type":"cond-expr","locations":[{"start":{"line":221,"column":124},"end":{"line":221,"column":133}},{"start":{"line":221,"column":133},"end":{"line":221,"column":144}}],"line":221},"50":{"loc":{"start":{"line":222,"column":13},"end":{"line":222,"column":null}},"type":"cond-expr","locations":[{"start":{"line":222,"column":36},"end":{"line":222,"column":51}},{"start":{"line":222,"column":51},"end":{"line":222,"column":null}}],"line":222},"51":{"loc":{"start":{"line":224,"column":54},"end":{"line":224,"column":83}},"type":"cond-expr","locations":[{"start":{"line":224,"column":71},"end":{"line":224,"column":79}},{"start":{"line":224,"column":79},"end":{"line":224,"column":83}}],"line":224},"52":{"loc":{"start":{"line":225,"column":19},"end":{"line":225,"column":null}},"type":"cond-expr","locations":[{"start":{"line":225,"column":36},"end":{"line":225,"column":53}},{"start":{"line":225,"column":53},"end":{"line":225,"column":null}}],"line":225},"53":{"loc":{"start":{"line":226,"column":24},"end":{"line":226,"column":null}},"type":"cond-expr","locations":[{"start":{"line":226,"column":41},"end":{"line":226,"column":58}},{"start":{"line":226,"column":58},"end":{"line":226,"column":null}}],"line":226},"54":{"loc":{"start":{"line":227,"column":63},"end":{"line":227,"column":134}},"type":"cond-expr","locations":[{"start":{"line":227,"column":80},"end":{"line":227,"column":107}},{"start":{"line":227,"column":107},"end":{"line":227,"column":134}}],"line":227},"55":{"loc":{"start":{"line":228,"column":13},"end":{"line":228,"column":null}},"type":"cond-expr","locations":[{"start":{"line":228,"column":30},"end":{"line":228,"column":37}},{"start":{"line":228,"column":37},"end":{"line":228,"column":null}}],"line":228},"56":{"loc":{"start":{"line":229,"column":10},"end":{"line":236,"column":null}},"type":"binary-expr","locations":[{"start":{"line":229,"column":10},"end":{"line":230,"column":null}},{"start":{"line":231,"column":12},"end":{"line":236,"column":null}}],"line":229},"57":{"loc":{"start":{"line":232,"column":21},"end":{"line":232,"column":null}},"type":"cond-expr","locations":[{"start":{"line":232,"column":37},"end":{"line":232,"column":59}},{"start":{"line":232,"column":59},"end":{"line":232,"column":null}}],"line":232},"58":{"loc":{"start":{"line":233,"column":26},"end":{"line":233,"column":null}},"type":"cond-expr","locations":[{"start":{"line":233,"column":42},"end":{"line":233,"column":64}},{"start":{"line":233,"column":64},"end":{"line":233,"column":null}}],"line":233},"59":{"loc":{"start":{"line":234,"column":65},"end":{"line":234,"column":135}},"type":"cond-expr","locations":[{"start":{"line":234,"column":81},"end":{"line":234,"column":108}},{"start":{"line":234,"column":108},"end":{"line":234,"column":135}}],"line":234},"60":{"loc":{"start":{"line":235,"column":15},"end":{"line":235,"column":null}},"type":"cond-expr","locations":[{"start":{"line":235,"column":31},"end":{"line":235,"column":38}},{"start":{"line":235,"column":38},"end":{"line":235,"column":null}}],"line":235},"61":{"loc":{"start":{"line":239,"column":24},"end":{"line":239,"column":null}},"type":"cond-expr","locations":[{"start":{"line":239,"column":39},"end":{"line":239,"column":60}},{"start":{"line":239,"column":60},"end":{"line":239,"column":null}}],"line":239},"62":{"loc":{"start":{"line":240,"column":47},"end":{"line":240,"column":90}},"type":"cond-expr","locations":[{"start":{"line":240,"column":62},"end":{"line":240,"column":82}},{"start":{"line":240,"column":82},"end":{"line":240,"column":90}}],"line":240},"63":{"loc":{"start":{"line":253,"column":7},"end":{"line":279,"column":null}},"type":"binary-expr","locations":[{"start":{"line":253,"column":7},"end":{"line":253,"column":null}},{"start":{"line":254,"column":8},"end":{"line":279,"column":null}}],"line":253},"64":{"loc":{"start":{"line":277,"column":106},"end":{"line":277,"column":137}},"type":"cond-expr","locations":[{"start":{"line":277,"column":125},"end":{"line":277,"column":132}},{"start":{"line":277,"column":132},"end":{"line":277,"column":137}}],"line":277},"65":{"loc":{"start":{"line":282,"column":7},"end":{"line":288,"column":null}},"type":"binary-expr","locations":[{"start":{"line":282,"column":7},"end":{"line":282,"column":null}},{"start":{"line":283,"column":8},"end":{"line":288,"column":null}}],"line":282},"66":{"loc":{"start":{"line":291,"column":66},"end":{"line":291,"column":144}},"type":"cond-expr","locations":[{"start":{"line":291,"column":115},"end":{"line":291,"column":128}},{"start":{"line":291,"column":128},"end":{"line":291,"column":144}}],"line":291},"67":{"loc":{"start":{"line":291,"column":66},"end":{"line":291,"column":115}},"type":"binary-expr","locations":[{"start":{"line":291,"column":66},"end":{"line":291,"column":91}},{"start":{"line":291,"column":91},"end":{"line":291,"column":115}}],"line":291},"68":{"loc":{"start":{"line":292,"column":9},"end":{"line":292,"column":null}},"type":"cond-expr","locations":[{"start":{"line":292,"column":58},"end":{"line":292,"column":122}},{"start":{"line":292,"column":122},"end":{"line":292,"column":null}}],"line":292},"69":{"loc":{"start":{"line":292,"column":9},"end":{"line":292,"column":58}},"type":"binary-expr","locations":[{"start":{"line":292,"column":9},"end":{"line":292,"column":34}},{"start":{"line":292,"column":34},"end":{"line":292,"column":58}}],"line":292},"70":{"loc":{"start":{"line":295,"column":7},"end":{"line":303,"column":null}},"type":"cond-expr","locations":[{"start":{"line":296,"column":8},"end":{"line":299,"column":null}},{"start":{"line":301,"column":8},"end":{"line":303,"column":null}}],"line":295},"71":{"loc":{"start":{"line":316,"column":19},"end":{"line":316,"column":null}},"type":"cond-expr","locations":[{"start":{"line":316,"column":53},"end":{"line":316,"column":61}},{"start":{"line":316,"column":61},"end":{"line":316,"column":null}}],"line":316},"72":{"loc":{"start":{"line":316,"column":61},"end":{"line":316,"column":null}},"type":"cond-expr","locations":[{"start":{"line":316,"column":95},"end":{"line":316,"column":102}},{"start":{"line":316,"column":102},"end":{"line":316,"column":null}}],"line":316},"73":{"loc":{"start":{"line":317,"column":19},"end":{"line":317,"column":null}},"type":"cond-expr","locations":[{"start":{"line":317,"column":48},"end":{"line":317,"column":59}},{"start":{"line":317,"column":59},"end":{"line":317,"column":null}}],"line":317},"74":{"loc":{"start":{"line":317,"column":59},"end":{"line":317,"column":null}},"type":"cond-expr","locations":[{"start":{"line":317,"column":88},"end":{"line":317,"column":100}},{"start":{"line":317,"column":100},"end":{"line":317,"column":null}}],"line":317},"75":{"loc":{"start":{"line":323,"column":6},"end":{"line":326,"column":null}},"type":"if","locations":[{"start":{"line":323,"column":6},"end":{"line":326,"column":null}},{"start":{},"end":{}}],"line":323},"76":{"loc":{"start":{"line":331,"column":4},"end":{"line":331,"column":null}},"type":"if","locations":[{"start":{"line":331,"column":4},"end":{"line":331,"column":null}},{"start":{},"end":{}}],"line":331},"77":{"loc":{"start":{"line":341,"column":4},"end":{"line":341,"column":null}},"type":"if","locations":[{"start":{"line":341,"column":4},"end":{"line":341,"column":null}},{"start":{},"end":{}}],"line":341},"78":{"loc":{"start":{"line":342,"column":18},"end":{"line":342,"column":null}},"type":"binary-expr","locations":[{"start":{"line":342,"column":18},"end":{"line":342,"column":38}},{"start":{"line":342,"column":38},"end":{"line":342,"column":null}}],"line":342},"79":{"loc":{"start":{"line":343,"column":4},"end":{"line":343,"column":null}},"type":"if","locations":[{"start":{"line":343,"column":4},"end":{"line":343,"column":null}},{"start":{},"end":{}}],"line":343},"80":{"loc":{"start":{"line":350,"column":20},"end":{"line":350,"column":null}},"type":"binary-expr","locations":[{"start":{"line":350,"column":20},"end":{"line":350,"column":40}},{"start":{"line":350,"column":40},"end":{"line":350,"column":null}}],"line":350},"81":{"loc":{"start":{"line":351,"column":6},"end":{"line":351,"column":null}},"type":"if","locations":[{"start":{"line":351,"column":6},"end":{"line":351,"column":null}},{"start":{},"end":{}}],"line":351},"82":{"loc":{"start":{"line":353,"column":6},"end":{"line":353,"column":null}},"type":"if","locations":[{"start":{"line":353,"column":6},"end":{"line":353,"column":null}},{"start":{},"end":{}}],"line":353},"83":{"loc":{"start":{"line":360,"column":6},"end":{"line":362,"column":null}},"type":"if","locations":[{"start":{"line":360,"column":6},"end":{"line":362,"column":null}},{"start":{},"end":{}}],"line":360},"84":{"loc":{"start":{"line":360,"column":6},"end":{"line":360,"column":84}},"type":"binary-expr","locations":[{"start":{"line":360,"column":6},"end":{"line":360,"column":59}},{"start":{"line":360,"column":59},"end":{"line":360,"column":84}}],"line":360},"85":{"loc":{"start":{"line":360,"column":11},"end":{"line":360,"column":45}},"type":"binary-expr","locations":[{"start":{"line":360,"column":11},"end":{"line":360,"column":31}},{"start":{"line":360,"column":31},"end":{"line":360,"column":45}}],"line":360},"86":{"loc":{"start":{"line":368,"column":4},"end":{"line":368,"column":null}},"type":"if","locations":[{"start":{"line":368,"column":4},"end":{"line":368,"column":null}},{"start":{},"end":{}}],"line":368},"87":{"loc":{"start":{"line":369,"column":4},"end":{"line":369,"column":null}},"type":"if","locations":[{"start":{"line":369,"column":4},"end":{"line":369,"column":null}},{"start":{},"end":{}}],"line":369},"88":{"loc":{"start":{"line":381,"column":4},"end":{"line":381,"column":null}},"type":"if","locations":[{"start":{"line":381,"column":4},"end":{"line":381,"column":null}},{"start":{},"end":{}}],"line":381},"89":{"loc":{"start":{"line":385,"column":4},"end":{"line":387,"column":null}},"type":"if","locations":[{"start":{"line":385,"column":4},"end":{"line":387,"column":null}},{"start":{},"end":{}}],"line":385},"90":{"loc":{"start":{"line":393,"column":32},"end":{"line":393,"column":95}},"type":"cond-expr","locations":[{"start":{"line":393,"column":41},"end":{"line":393,"column":52}},{"start":{"line":393,"column":52},"end":{"line":393,"column":95}}],"line":393},"91":{"loc":{"start":{"line":393,"column":52},"end":{"line":393,"column":95}},"type":"cond-expr","locations":[{"start":{"line":393,"column":81},"end":{"line":393,"column":93}},{"start":{"line":393,"column":93},"end":{"line":393,"column":95}}],"line":393},"92":{"loc":{"start":{"line":393,"column":99},"end":{"line":393,"column":121}},"type":"cond-expr","locations":[{"start":{"line":393,"column":107},"end":{"line":393,"column":119}},{"start":{"line":393,"column":119},"end":{"line":393,"column":121}}],"line":393},"93":{"loc":{"start":{"line":395,"column":48},"end":{"line":395,"column":113}},"type":"cond-expr","locations":[{"start":{"line":395,"column":59},"end":{"line":395,"column":86}},{"start":{"line":395,"column":86},"end":{"line":395,"column":113}}],"line":395},"94":{"loc":{"start":{"line":395,"column":144},"end":{"line":395,"column":202}},"type":"cond-expr","locations":[{"start":{"line":395,"column":158},"end":{"line":395,"column":191}},{"start":{"line":395,"column":191},"end":{"line":395,"column":202}}],"line":395},"95":{"loc":{"start":{"line":395,"column":214},"end":{"line":395,"column":260}},"type":"cond-expr","locations":[{"start":{"line":395,"column":228},"end":{"line":395,"column":237}},{"start":{"line":395,"column":237},"end":{"line":395,"column":260}}],"line":395},"96":{"loc":{"start":{"line":395,"column":269},"end":{"line":395,"column":296}},"type":"cond-expr","locations":[{"start":{"line":395,"column":288},"end":{"line":395,"column":294}},{"start":{"line":395,"column":294},"end":{"line":395,"column":296}}],"line":395},"97":{"loc":{"start":{"line":396,"column":7},"end":{"line":399,"column":null}},"type":"binary-expr","locations":[{"start":{"line":396,"column":7},"end":{"line":396,"column":null}},{"start":{"line":397,"column":8},"end":{"line":399,"column":null}}],"line":396},"98":{"loc":{"start":{"line":406,"column":13},"end":{"line":406,"column":40}},"type":"binary-expr","locations":[{"start":{"line":406,"column":13},"end":{"line":406,"column":36}},{"start":{"line":406,"column":36},"end":{"line":406,"column":40}}],"line":406},"99":{"loc":{"start":{"line":407,"column":13},"end":{"line":407,"column":null}},"type":"binary-expr","locations":[{"start":{"line":407,"column":13},"end":{"line":407,"column":48}},{"start":{"line":407,"column":48},"end":{"line":407,"column":null}}],"line":407},"100":{"loc":{"start":{"line":411,"column":35},"end":{"line":411,"column":null}},"type":"cond-expr","locations":[{"start":{"line":411,"column":50},"end":{"line":411,"column":68}},{"start":{"line":411,"column":68},"end":{"line":411,"column":null}}],"line":411},"101":{"loc":{"start":{"line":412,"column":47},"end":{"line":412,"column":null}},"type":"cond-expr","locations":[{"start":{"line":412,"column":62},"end":{"line":412,"column":90}},{"start":{"line":412,"column":90},"end":{"line":412,"column":null}}],"line":412},"102":{"loc":{"start":{"line":414,"column":28},"end":{"line":414,"column":null}},"type":"cond-expr","locations":[{"start":{"line":414,"column":43},"end":{"line":414,"column":60}},{"start":{"line":414,"column":60},"end":{"line":414,"column":null}}],"line":414},"103":{"loc":{"start":{"line":415,"column":23},"end":{"line":415,"column":null}},"type":"cond-expr","locations":[{"start":{"line":415,"column":38},"end":{"line":415,"column":47}},{"start":{"line":415,"column":47},"end":{"line":415,"column":null}}],"line":415},"104":{"loc":{"start":{"line":418,"column":15},"end":{"line":418,"column":null}},"type":"cond-expr","locations":[{"start":{"line":418,"column":30},"end":{"line":418,"column":37}},{"start":{"line":418,"column":37},"end":{"line":418,"column":null}}],"line":418},"105":{"loc":{"start":{"line":424,"column":11},"end":{"line":424,"column":null}},"type":"binary-expr","locations":[{"start":{"line":424,"column":11},"end":{"line":424,"column":26}},{"start":{"line":424,"column":26},"end":{"line":424,"column":null}}],"line":424},"106":{"loc":{"start":{"line":425,"column":50},"end":{"line":425,"column":68}},"type":"binary-expr","locations":[{"start":{"line":425,"column":50},"end":{"line":425,"column":64}},{"start":{"line":425,"column":64},"end":{"line":425,"column":68}}],"line":425},"107":{"loc":{"start":{"line":425,"column":71},"end":{"line":425,"column":102}},"type":"if","locations":[{"start":{"line":425,"column":71},"end":{"line":425,"column":102}},{"start":{},"end":{}}],"line":425},"108":{"loc":{"start":{"line":426,"column":11},"end":{"line":438,"column":null}},"type":"binary-expr","locations":[{"start":{"line":426,"column":11},"end":{"line":426,"column":null}},{"start":{"line":427,"column":12},"end":{"line":438,"column":null}}],"line":426},"109":{"loc":{"start":{"line":429,"column":103},"end":{"line":429,"column":161}},"type":"cond-expr","locations":[{"start":{"line":429,"column":126},"end":{"line":429,"column":143}},{"start":{"line":429,"column":143},"end":{"line":429,"column":161}}],"line":429},"110":{"loc":{"start":{"line":429,"column":236},"end":{"line":429,"column":283}},"type":"cond-expr","locations":[{"start":{"line":429,"column":259},"end":{"line":429,"column":268}},{"start":{"line":429,"column":268},"end":{"line":429,"column":283}}],"line":429},"111":{"loc":{"start":{"line":431,"column":45},"end":{"line":431,"column":111}},"type":"cond-expr","locations":[{"start":{"line":431,"column":68},"end":{"line":431,"column":94}},{"start":{"line":431,"column":94},"end":{"line":431,"column":111}}],"line":431},"112":{"loc":{"start":{"line":432,"column":19},"end":{"line":434,"column":null}},"type":"binary-expr","locations":[{"start":{"line":432,"column":19},"end":{"line":432,"column":null}},{"start":{"line":433,"column":20},"end":{"line":434,"column":null}}],"line":432},"113":{"loc":{"start":{"line":446,"column":11},"end":{"line":453,"column":null}},"type":"binary-expr","locations":[{"start":{"line":446,"column":11},"end":{"line":446,"column":null}},{"start":{"line":447,"column":12},"end":{"line":453,"column":null}}],"line":446},"114":{"loc":{"start":{"line":457,"column":7},"end":{"line":465,"column":null}},"type":"cond-expr","locations":[{"start":{"line":457,"column":44},"end":{"line":464,"column":null}},{"start":{"line":465,"column":8},"end":{"line":465,"column":null}}],"line":457},"115":{"loc":{"start":{"line":479,"column":4},"end":{"line":479,"column":null}},"type":"if","locations":[{"start":{"line":479,"column":4},"end":{"line":479,"column":null}},{"start":{},"end":{}}],"line":479},"116":{"loc":{"start":{"line":482,"column":4},"end":{"line":485,"column":null}},"type":"if","locations":[{"start":{"line":482,"column":4},"end":{"line":485,"column":null}},{"start":{},"end":{}}],"line":482},"117":{"loc":{"start":{"line":489,"column":2},"end":{"line":492,"column":null}},"type":"if","locations":[{"start":{"line":489,"column":2},"end":{"line":492,"column":null}},{"start":{},"end":{}}],"line":489},"118":{"loc":{"start":{"line":496,"column":183},"end":{"line":496,"column":231}},"type":"cond-expr","locations":[{"start":{"line":496,"column":192},"end":{"line":496,"column":220}},{"start":{"line":496,"column":220},"end":{"line":496,"column":231}}],"line":496},"119":{"loc":{"start":{"line":496,"column":243},"end":{"line":496,"column":284}},"type":"cond-expr","locations":[{"start":{"line":496,"column":252},"end":{"line":496,"column":261}},{"start":{"line":496,"column":261},"end":{"line":496,"column":284}}],"line":496},"120":{"loc":{"start":{"line":496,"column":293},"end":{"line":496,"column":315}},"type":"cond-expr","locations":[{"start":{"line":496,"column":307},"end":{"line":496,"column":313}},{"start":{"line":496,"column":313},"end":{"line":496,"column":315}}],"line":496},"121":{"loc":{"start":{"line":498,"column":7},"end":{"line":501,"column":null}},"type":"binary-expr","locations":[{"start":{"line":498,"column":7},"end":{"line":498,"column":null}},{"start":{"line":499,"column":8},"end":{"line":501,"column":null}}],"line":498},"122":{"loc":{"start":{"line":506,"column":13},"end":{"line":506,"column":null}},"type":"cond-expr","locations":[{"start":{"line":506,"column":33},"end":{"line":506,"column":73}},{"start":{"line":506,"column":73},"end":{"line":506,"column":null}}],"line":506},"123":{"loc":{"start":{"line":509,"column":13},"end":{"line":509,"column":null}},"type":"cond-expr","locations":[{"start":{"line":509,"column":47},"end":{"line":509,"column":64}},{"start":{"line":509,"column":64},"end":{"line":509,"column":null}}],"line":509},"124":{"loc":{"start":{"line":509,"column":64},"end":{"line":509,"column":null}},"type":"cond-expr","locations":[{"start":{"line":509,"column":102},"end":{"line":509,"column":120}},{"start":{"line":509,"column":120},"end":{"line":509,"column":null}}],"line":509},"125":{"loc":{"start":{"line":513,"column":11},"end":{"line":513,"column":null}},"type":"binary-expr","locations":[{"start":{"line":513,"column":11},"end":{"line":513,"column":25}},{"start":{"line":513,"column":25},"end":{"line":513,"column":null}}],"line":513},"126":{"loc":{"start":{"line":514,"column":11},"end":{"line":516,"column":null}},"type":"binary-expr","locations":[{"start":{"line":514,"column":11},"end":{"line":514,"column":30}},{"start":{"line":514,"column":16},"end":{"line":516,"column":null}}],"line":514},"127":{"loc":{"start":{"line":520,"column":107},"end":{"line":520,"column":169}},"type":"cond-expr","locations":[{"start":{"line":520,"column":134},"end":{"line":520,"column":166}},{"start":{"line":520,"column":166},"end":{"line":520,"column":169}}],"line":520}},"s":{"0":0,"1":0,"2":0,"3":0,"4":0,"5":0,"6":0,"7":0,"8":0,"9":0,"10":0,"11":0,"12":0,"13":0,"14":0,"15":0,"16":0,"17":0,"18":0,"19":0,"20":0,"21":0,"22":1,"23":2,"24":2,"25":2,"26":2,"27":2,"28":2,"29":2,"30":2,"31":2,"32":2,"33":2,"34":2,"35":2,"36":2,"37":2,"38":0,"39":0,"40":2,"41":2,"42":0,"43":0,"44":2,"45":2,"46":2,"47":2,"48":0,"49":2,"50":2,"51":0,"52":2,"53":2,"54":0,"55":2,"56":0,"57":0,"58":2,"59":0,"60":0,"61":0,"62":0,"63":0,"64":2,"65":2,"66":2,"67":0,"68":0,"69":0,"70":2,"71":2,"72":2,"73":2,"74":2,"75":2,"76":2,"77":2,"78":2,"79":0,"80":0,"81":0,"82":0,"83":0,"84":0,"85":2,"86":2,"87":2,"88":2,"89":2,"90":8,"91":2,"92":0,"93":2,"94":0,"95":0,"96":0,"97":0,"98":0,"99":2,"100":0,"101":0,"102":0,"103":0,"104":0,"105":0,"106":0,"107":0,"108":0,"109":0,"110":0,"111":0,"112":0,"113":2,"114":0,"115":0,"116":0,"117":0,"118":0,"119":0,"120":0,"121":0,"122":2,"123":0,"124":0,"125":0,"126":0,"127":0,"128":0,"129":2,"130":2,"131":0,"132":0,"133":0,"134":0,"135":0,"136":0,"137":0,"138":0,"139":0,"140":0,"141":0,"142":0,"143":0,"144":0,"145":0,"146":0,"147":0,"148":0,"149":0,"150":0,"151":0,"152":0,"153":0,"154":0,"155":0,"156":0,"157":0,"158":0,"159":0,"160":0,"161":0,"162":0,"163":0,"164":0,"165":0,"166":0,"167":0,"168":0,"169":0,"170":0,"171":0,"172":0,"173":0,"174":0,"175":0,"176":0,"177":0,"178":0,"179":0,"180":0,"181":0,"182":0,"183":0,"184":0,"185":0,"186":0,"187":0,"188":0,"189":0,"190":0,"191":0,"192":0,"193":0,"194":0,"195":0,"196":0,"197":0,"198":0,"199":0,"200":0,"201":0,"202":0,"203":0,"204":0,"205":0,"206":0,"207":0,"208":0,"209":0,"210":0,"211":0,"212":0,"213":0,"214":0,"215":0,"216":0,"217":0,"218":0,"219":0,"220":0,"221":0,"222":0,"223":0,"224":0,"225":0,"226":0,"227":0,"228":0,"229":0,"230":0,"231":0,"232":0,"233":0,"234":0,"235":0,"236":0,"237":0,"238":0,"239":0,"240":0,"241":0,"242":0,"243":0,"244":0,"245":0,"246":0,"247":0,"248":0,"249":0,"250":0,"251":0,"252":0,"253":0,"254":0,"255":0,"256":0,"257":0,"258":0,"259":0,"260":0,"261":0,"262":0,"263":0,"264":0,"265":0,"266":0,"267":0,"268":0,"269":0,"270":0,"271":0,"272":0,"273":0,"274":0,"275":0,"276":0,"277":0,"278":0,"279":0,"280":0,"281":0},"f":{"0":0,"1":0,"2":0,"3":0,"4":0,"5":2,"6":2,"7":0,"8":2,"9":0,"10":2,"11":0,"12":0,"13":0,"14":0,"15":0,"16":2,"17":2,"18":2,"19":0,"20":0,"21":2,"22":8,"23":0,"24":0,"25":0,"26":0,"27":0,"28":0,"29":0,"30":0,"31":0,"32":0,"33":0,"34":0,"35":0,"36":0,"37":0,"38":0,"39":0,"40":0,"41":0,"42":0,"43":0,"44":0,"45":0,"46":0,"47":0,"48":0,"49":0,"50":0,"51":0,"52":0,"53":0,"54":0,"55":0,"56":0,"57":0,"58":0,"59":0,"60":0,"61":0,"62":0,"63":0,"64":0,"65":0,"66":0,"67":0,"68":0,"69":0,"70":0,"71":0,"72":0,"73":0,"74":0,"75":0,"76":0,"77":0,"78":0,"79":0,"80":0,"81":0,"82":0,"83":0,"84":0,"85":0},"b":{"0":[0],"1":[0],"2":[0],"3":[0,0],"4":[0,0],"5":[0,0],"6":[2,2],"7":[2,2],"8":[2,2],"9":[2,2],"10":[0,2],"11":[0,2],"12":[2,2,0],"13":[0,2],"14":[2,0],"15":[0,2],"16":[0,0],"17":[0,0],"18":[0,2],"19":[0,0],"20":[0,0],"21":[0,0],"22":[2,2],"23":[0,0],"24":[0,0],"25":[0,0],"26":[0,0],"27":[0,0],"28":[0,0],"29":[0,0],"30":[0,0],"31":[0,0],"32":[2,0],"33":[0,0],"34":[0,0],"35":[0,0],"36":[0,0],"37":[0,0],"38":[0,0],"39":[0,0],"40":[0,0],"41":[0,0],"42":[0,0],"43":[0,0],"44":[0,0],"45":[0,0],"46":[0,0],"47":[0,0],"48":[0,0],"49":[0,0],"50":[0,0],"51":[0,0],"52":[0,0],"53":[0,0],"54":[0,0],"55":[0,0],"56":[2,0],"57":[0,0],"58":[0,0],"59":[0,0],"60":[0,0],"61":[0,0],"62":[0,0],"63":[2,0],"64":[0,0],"65":[2,0],"66":[0,0],"67":[2,0],"68":[0,0],"69":[2,0],"70":[0,0],"71":[0,0],"72":[0,0],"73":[0,0],"74":[0,0],"75":[0,0],"76":[0,0],"77":[0,0],"78":[0,0],"79":[0,0],"80":[0,0],"81":[0,0],"82":[0,0],"83":[0,0],"84":[0,0],"85":[0,0],"86":[0,0],"87":[0,0],"88":[0,0],"89":[0,0],"90":[0,0],"91":[0,0],"92":[0,0],"93":[0,0],"94":[0,0],"95":[0,0],"96":[0,0],"97":[0,0],"98":[0,0],"99":[0,0],"100":[0,0],"101":[0,0],"102":[0,0],"103":[0,0],"104":[0,0],"105":[0,0],"106":[0,0],"107":[0,0],"108":[0,0],"109":[0,0],"110":[0,0],"111":[0,0],"112":[0,0],"113":[0,0],"114":[0,0],"115":[0,0],"116":[0,0],"117":[0,0],"118":[0,0],"119":[0,0],"120":[0,0],"121":[0,0],"122":[0,0],"123":[0,0],"124":[0,0],"125":[0,0],"126":[0,0],"127":[0,0]},"meta":{"lastBranch":128,"lastFunction":86,"lastStatement":282,"seen":{"f:9:9:9:18":0,"b:9:25:9:30":0,"b:9:36:9:41":1,"b:9:51:9:61":2,"s:10:2:30:Infinity":0,"s:11:17:23:Infinity":1,"f:11:17:11:18":1,"s:12:18:12:Infinity":2,"b:12:23:12:47:12:47:12:82":3,"s:13:18:13:Infinity":3,"s:14:19:14:Infinity":4,"s:15:6:15:Infinity":5,"s:16:6:16:Infinity":6,"s:17:6:17:Infinity":7,"s:18:6:18:Infinity":8,"s:19:6:19:Infinity":9,"s:20:6:20:Infinity":10,"s:21:6:21:Infinity":11,"s:22:6:22:Infinity":12,"s:24:4:24:Infinity":13,"b:25:4:29:Infinity:25:65:29:Infinity":4,"s:25:4:29:Infinity":14,"s:25:30:25:Infinity":15,"f:25:41:25:47":2,"s:25:47:25:56":16,"b:25:65:29:Infinity:undefined:undefined:undefined:undefined":5,"s:25:65:29:Infinity":17,"s:27:6:27:Infinity":18,"f:27:17:27:23":3,"s:27:23:27:32":19,"s:28:6:28:Infinity":20,"f:28:17:28:23":4,"s:28:23:28:33":21,"s:33:20:42:Infinity":22,"f:33:20:33:27":5,"s:33:27:42:Infinity":23,"b:35:17:35:53:35:53:35:58":6,"b:36:16:36:51:36:51:36:56":7,"b:37:11:37:50:37:50:37:Infinity":8,"b:40:20:40:59:40:59:40:62":9,"f:44:24:44:28":6,"s:45:12:45:Infinity":24,"s:46:26:46:Infinity":25,"s:47:28:47:Infinity":26,"s:48:30:48:Infinity":27,"s:49:38:49:Infinity":28,"s:50:38:50:Infinity":29,"s:51:34:51:Infinity":30,"s:52:36:52:Infinity":31,"s:53:8:53:Infinity":32,"s:54:8:54:Infinity":33,"s:55:8:55:Infinity":34,"s:56:46:56:Infinity":35,"s:57:8:57:Infinity":36,"s:59:18:62:Infinity":37,"f:59:18:59:19":7,"s:60:4:60:Infinity":38,"s:61:4:61:Infinity":39,"s:64:2:68:Infinity":40,"f:64:12:64:18":8,"b:65:4:67:Infinity:undefined:undefined:undefined:undefined":10,"s:65:4:67:Infinity":41,"s:66:6:66:Infinity":42,"f:66:43:66:54":9,"s:66:54:66:77":43,"s:70:8:100:Infinity":44,"f:70:27:70:39":10,"s:71:4:98:Infinity":45,"s:72:19:72:Infinity":46,"s:73:21:73:Infinity":47,"f:73:38:73:39":11,"s:73:50:73:60":48,"s:74:22:74:Infinity":49,"s:75:24:75:Infinity":50,"f:75:36:75:37":12,"s:75:48:75:80":51,"s:76:21:76:Infinity":52,"b:78:6:80:Infinity:undefined:undefined:undefined:undefined":11,"s:78:6:80:Infinity":53,"b:78:10:78:28:78:28:78:39:78:39:78:47":12,"s:79:8:79:Infinity":54,"b:81:6:85:Infinity:undefined:undefined:undefined:undefined":13,"s:81:6:85:Infinity":55,"b:81:10:81:27:81:27:81:35":14,"s:82:8:84:Infinity":56,"s:83:10:83:Infinity":57,"b:87:6:92:Infinity:undefined:undefined:undefined:undefined":15,"s:87:6:92:Infinity":58,"s:88:8:88:Infinity":59,"f:88:52:88:53":13,"s:88:64:88:74":60,"b:89:8:91:Infinity:undefined:undefined:undefined:undefined":16,"s:89:8:91:Infinity":61,"b:89:12:89:35:89:35:89:52":17,"s:90:10:90:Infinity":62,"f:90:21:90:27":14,"s:90:27:90:98":63,"s:93:6:93:Infinity":64,"s:94:6:94:Infinity":65,"b:95:6:97:Infinity:undefined:undefined:undefined:undefined":18,"s:95:6:97:Infinity":66,"s:96:8:96:Infinity":67,"f:96:19:96:25":15,"s:96:27:96:59":68,"s:98:18:98:55":69,"s:99:4:99:Infinity":70,"s:102:2:102:Infinity":71,"f:102:12:102:18":16,"s:102:20:102:28":72,"s:102:39:102:83":73,"s:102:83:102:114":74,"f:102:90:102:96":17,"s:102:96:102:114":75,"s:103:2:103:Infinity":76,"f:103:12:103:18":18,"s:103:20:103:35":77,"s:104:2:110:Infinity":78,"f:104:15:104:16":19,"b:105:4:105:Infinity:undefined:undefined:undefined:undefined":19,"s:105:4:105:Infinity":79,"s:105:78:105:Infinity":80,"b:106:4:109:Infinity:undefined:undefined:undefined:undefined":20,"s:106:4:109:Infinity":81,"b:106:8:106:43:106:43:106:60":21,"s:107:20:107:Infinity":82,"s:108:6:108:Infinity":83,"f:108:45:108:46":20,"s:108:57:108:96":84,"s:112:23:123:Infinity":85,"f:112:23:112:35":21,"s:113:4:122:Infinity":86,"s:114:16:114:Infinity":87,"s:115:27:115:Infinity":88,"s:116:12:120:Infinity":89,"b:116:24:116:54:116:54:116:79":22,"f:116:94:116:95":22,"s:116:110:120:8":90,"s:121:6:121:Infinity":91,"s:122:18:122:64":92,"s:125:20:130:Infinity":93,"f:125:20:125:27":23,"s:126:4:126:Infinity":94,"b:127:4:127:Infinity:undefined:undefined:undefined:undefined":23,"s:127:4:127:Infinity":95,"s:127:40:127:Infinity":96,"s:128:4:128:Infinity":97,"s:129:4:129:Infinity":98,"s:132:23:146:Infinity":99,"f:132:23:132:30":24,"s:133:18:133:Infinity":100,"f:133:30:133:35":25,"s:133:35:133:57":101,"b:134:4:134:Infinity:undefined:undefined:undefined:undefined":24,"s:134:4:134:Infinity":102,"s:134:16:134:Infinity":103,"s:135:4:139:Infinity":104,"b:136:6:138:Infinity:undefined:undefined:undefined:undefined":25,"s:136:6:138:Infinity":105,"s:137:8:137:Infinity":106,"b:140:4:140:Infinity:undefined:undefined:undefined:undefined":26,"s:140:4:140:Infinity":107,"s:140:40:140:Infinity":108,"s:141:4:143:Infinity":109,"s:142:8:142:Infinity":110,"s:144:4:144:Infinity":111,"s:145:4:145:Infinity":112,"s:148:21:156:Infinity":113,"f:148:21:148:33":26,"s:149:19:149:Infinity":114,"b:150:4:150:Infinity:undefined:undefined:undefined:undefined":27,"s:150:4:150:Infinity":115,"s:150:26:150:70":116,"s:150:70:150:77":117,"s:151:4:153:Infinity":118,"s:152:6:152:Infinity":119,"b:152:40:152:52:152:52:152:61":28,"s:154:4:154:Infinity":120,"s:155:4:155:Infinity":121,"s:158:21:166:Infinity":122,"f:158:21:158:33":27,"b:159:4:165:Infinity:163:11:165:Infinity":29,"s:159:4:165:Infinity":123,"s:160:22:160:Infinity":124,"s:161:6:161:Infinity":125,"b:162:6:162:Infinity:undefined:undefined:undefined:undefined":30,"s:162:6:162:Infinity":126,"s:162:19:162:Infinity":127,"s:164:6:164:Infinity":128,"b:164:42:164:50:164:50:164:54":31,"b:168:2:168:Infinity:undefined:undefined:undefined:undefined":32,"s:168:2:168:Infinity":129,"s:168:15:168:Infinity":130,"s:170:17:170:Infinity":131,"f:170:31:170:36":28,"s:170:36:170:108":132,"f:170:49:170:50":29,"s:170:61:170:107":133,"b:170:61:170:87:170:87:170:107":33,"s:171:17:171:Infinity":134,"f:171:31:171:36":30,"s:171:36:171:109":135,"f:171:50:171:51":31,"s:171:62:171:108":136,"b:171:62:171:88:171:88:171:108":34,"s:173:51:178:Infinity":137,"s:180:19:187:Infinity":138,"f:180:19:180:20":32,"b:181:4:184:Infinity:undefined:undefined:undefined:undefined":35,"s:181:4:184:Infinity":139,"s:182:23:182:Infinity":140,"b:182:23:182:53:182:53:182:Infinity":36,"b:183:6:183:Infinity:undefined:undefined:undefined:undefined":37,"s:183:6:183:Infinity":141,"f:183:24:183:25":33,"s:183:36:183:93":142,"f:183:50:183:55":34,"s:183:55:183:92":143,"s:183:96:183:Infinity":144,"b:185:4:185:Infinity:undefined:undefined:undefined:undefined":38,"s:185:4:185:Infinity":145,"b:185:8:185:32:185:32:185:81":39,"f:185:46:185:47":35,"s:185:58:185:78":146,"s:185:81:185:Infinity":147,"s:186:4:186:Infinity":148,"s:189:25:189:Infinity":149,"s:190:25:190:Infinity":150,"s:192:22:192:Infinity":151,"s:193:21:193:Infinity":152,"s:195:2:204:Infinity":153,"f:196:9:196:15":36,"b:196:17:196:93:undefined:undefined:undefined:undefined":40,"s:196:17:196:93":154,"s:196:46:196:93":155,"f:197:9:197:15":37,"s:197:15:197:Infinity":156,"f:198:9:198:15":38,"s:198:15:198:Infinity":157,"b:198:53:198:61:198:61:198:65":41,"f:199:9:199:15":39,"s:199:15:199:Infinity":158,"b:199:61:199:69:199:69:199:73":42,"f:200:9:200:15":40,"s:200:15:200:Infinity":159,"f:201:17:201:23":41,"s:201:23:201:Infinity":160,"f:201:43:201:48":42,"s:201:48:201:66":161,"f:202:18:202:24":43,"s:202:24:202:Infinity":162,"f:202:44:202:49":44,"s:202:49:202:88":163,"f:203:10:203:16":45,"s:203:16:203:Infinity":164,"s:206:2:305:Infinity":165,"b:211:11:211:Infinity:212:12:217:Infinity":43,"b:212:45:212:59:212:59:212:63":44,"f:212:73:212:78":46,"s:212:78:212:117":166,"b:212:92:212:110:212:110:212:114":45,"f:214:32:214:Infinity":47,"s:215:16:215:Infinity":167,"f:219:27:219:33":48,"s:219:33:219:94":168,"b:219:79:219:87:219:87:219:91":46,"b:220:47:220:72:220:72:220:Infinity":47,"b:221:70:221:86:221:86:221:94":48,"b:221:124:221:133:221:133:221:144":49,"b:222:36:222:51:222:51:222:Infinity":50,"f:224:27:224:33":49,"s:224:33:224:86":169,"b:224:71:224:79:224:79:224:83":51,"b:225:36:225:53:225:53:225:Infinity":52,"b:226:41:226:58:226:58:226:Infinity":53,"b:227:80:227:107:227:107:227:134":54,"b:228:30:228:37:228:37:228:Infinity":55,"b:229:10:230:Infinity:231:12:236:Infinity":56,"b:232:37:232:59:232:59:232:Infinity":57,"b:233:42:233:64:233:64:233:Infinity":58,"b:234:81:234:108:234:108:234:135":59,"b:235:31:235:38:235:38:235:Infinity":60,"f:238:27:238:33":50,"s:238:33:238:65":170,"b:239:39:239:60:239:60:239:Infinity":61,"b:240:62:240:82:240:82:240:90":62,"b:253:7:253:Infinit
[...]
ty":266,"s:368:13:368:Infinity":267,"s:369:2:369:Infinity":268,"f:372:22:372:51":48,"s:373:12:373:Infinity":269,"b:374:2:374:Infinity:undefined:undefined:undefined:undefined":103,"s:374:2:374:Infinity":270,"s:374:13:374:Infinity":271,"s:375:2:375:Infinity":272,"f:378:22:378:39":49,"s:379:12:379:Infinity":273,"s:380:12:380:Infinity":274,"b:381:2:381:Infinity:undefined:undefined:undefined:undefined":104,"s:381:2:381:Infinity":275,"s:381:13:381:Infinity":276,"b:381:29:381:41:381:41:381:61":105,"s:382:2:382:Infinity":277,"f:385:22:385:59":50,"s:386:12:386:Infinity":278,"b:387:2:387:Infinity:undefined:undefined:undefined:undefined":106,"s:387:2:387:Infinity":279,"s:387:13:387:Infinity":280,"s:388:15:388:Infinity":281,"s:389:14:389:Infinity":282,"s:390:12:390:41":283,"s:390:41:390:55":284,"s:390:55:390:129":285,"s:390:129:390:Infinity":286,"s:391:2:391:Infinity":287,"f:394:22:394:37":51,"s:395:12:395:Infinity":288,"s:396:12:396:Infinity":289,"b:397:2:397:Infinity:undefined:undefined:undefined:undefined":107,"s:397:2:397:Infinity":290,"s:397:13:397:Infinity":291,"b:397:29:397:41:397:41:397:57":108,"s:398:2:398:Infinity":292,"f:401:16:401:36":52,"s:402:2:402:Infinity":293,"f:405:16:405:31":53,"b:406:2:409:Infinity:undefined:undefined:undefined:undefined":109,"s:406:2:409:Infinity":294,"s:407:16:407:Infinity":295,"s:408:4:408:Infinity":296,"b:408:11:408:38:408:38:408:73:408:73:408:97:408:97:408:Infinity":110,"s:410:2:410:Infinity":297,"f:413:22:413:62":54,"s:414:2:414:Infinity":298,"f:417:22:417:37":55,"b:417:76:417:132":111,"s:418:12:418:Infinity":299,"b:419:2:419:Infinity:undefined:undefined:undefined:undefined":112,"s:419:2:419:Infinity":300,"s:419:13:419:Infinity":301,"s:420:2:420:Infinity":302,"f:423:22:423:43":56,"s:424:14:424:Infinity":303,"b:424:116:424:143:424:143:424:145":113,"s:425:12:425:Infinity":304,"b:426:2:426:Infinity:undefined:undefined:undefined:undefined":114,"s:426:2:426:Infinity":305,"s:426:13:426:Infinity":306,"s:427:2:427:Infinity":307,"f:430:22:430:33":57,"s:431:12:431:Infinity":308,"b:432:2:432:Infinity:undefined:undefined:undefined:undefined":115,"s:432:2:432:Infinity":309,"s:432:25:432:41":310,"s:432:41:432:91":311,"b:432:57:432:69:432:69:432:89":116,"s:433:2:433:Infinity":312,"f:436:22:436:31":58,"s:437:12:437:Infinity":313,"b:438:2:438:Infinity:undefined:undefined:undefined:undefined":117,"s:438:2:438:Infinity":314,"s:438:25:438:41":315,"s:438:41:438:89":316,"b:438:57:438:69:438:69:438:87":118,"s:439:2:439:Infinity":317,"f:442:22:442:35":59,"s:443:12:443:Infinity":318,"b:444:2:444:Infinity:undefined:undefined:undefined:undefined":119,"s:444:2:444:Infinity":319,"s:444:25:444:41":320,"s:444:41:444:86":321,"b:444:57:444:69:444:69:444:84":120,"s:445:2:445:Infinity":322,"f:448:22:448:41":60,"s:449:12:452:Infinity":323,"b:451:63:451:75:451:75:451:77":121,"b:453:2:453:Infinity:undefined:undefined:undefined:undefined":122,"s:453:2:453:Infinity":324,"s:453:13:453:Infinity":325,"s:454:2:454:Infinity":326,"f:457:22:457:36":61,"s:458:12:461:Infinity":327,"b:462:2:462:Infinity:undefined:undefined:undefined:undefined":123,"s:462:2:462:Infinity":328,"s:462:25:462:41":329,"s:462:41:462:88":330,"b:462:57:462:69:462:69:462:86":124,"s:463:2:463:Infinity":331,"f:466:22:466:40":62,"s:467:12:470:Infinity":332,"b:471:2:471:Infinity:undefined:undefined:undefined:undefined":125,"s:471:2:471:Infinity":333,"s:471:25:471:41":334,"s:471:41:471:87":335,"b:471:57:471:69:471:69:471:85":126,"s:472:2:472:Infinity":336,"f:475:22:475:39":63,"b:475:48:475:75":127,"s:476:12:476:Infinity":337,"b:477:2:477:Infinity:undefined:undefined:undefined:undefined":128,"s:477:2:477:Infinity":338,"s:477:13:477:Infinity":339,"s:478:2:478:Infinity":340,"f:481:22:481:41":64,"b:481:88:481:106":129,"s:482:12:485:Infinity":341,"b:486:2:486:Infinity:undefined:undefined:undefined:undefined":130,"s:486:2:486:Infinity":342,"s:486:25:486:41":343,"s:486:41:486:88":344,"b:486:57:486:69:486:69:486:86":131,"s:487:2:487:Infinity":345,"f:490:22:490:40":65,"s:491:12:491:Infinity":346,"b:492:2:492:Infinity:undefined:undefined:undefined:undefined":132,"s:492:2:492:Infinity":347,"s:492:25:492:41":348,"s:492:41:492:86":349,"b:492:57:492:69:492:69:492:84":133,"s:493:2:493:Infinity":350,"f:496:22:496:59":66,"s:497:12:497:Infinity":351,"b:498:2:498:Infinity:undefined:undefined:undefined:undefined":134,"s:498:2:498:Infinity":352,"s:498:13:498:Infinity":353,"s:499:2:499:Infinity":354,"f:502:22:502:58":67,"s:503:2:503:Infinity":355,"f:506:16:506:33":68,"s:507:2:515:Infinity":356,"f:508:4:508:5":69,"s:508:17:508:Infinity":357,"f:509:4:509:11":70,"b:510:6:512:Infinity:undefined:undefined:undefined:undefined":135,"s:510:6:512:Infinity":358,"b:510:10:510:25:510:25:510:46":136,"s:511:8:511:Infinity":359,"s:513:6:513:Infinity":360,"f:518:22:518:43":71,"b:518:146:518:149":137,"s:519:12:522:Infinity":361,"b:523:2:523:Infinity:undefined:undefined:undefined:undefined":138,"s:523:2:523:Infinity":362,"s:523:13:523:Infinity":363,"s:524:12:524:Infinity":364,"s:525:2:525:Infinity":365,"b:525:9:525:26:525:26:525:Infinity":139,"f:528:22:528:37":72,"b:528:118:528:121":140,"s:529:12:532:Infinity":366,"b:533:0:533:Infinity:undefined:undefined:undefined:undefined":141,"s:533:0:533:Infinity":367,"s:533:11:533:Infinity":368,"s:534:0:534:Infinity":369,"f:538:22:538:38":73,"s:539:12:542:Infinity":370,"s:543:2:543:Infinity":371,"f:546:22:546:38":74,"s:547:12:550:Infinity":372,"s:551:2:551:Infinity":373,"f:554:22:554:41":75,"s:555:10:555:Infinity":374,"s:556:0:556:Infinity":375,"f:560:22:560:36":76,"s:561:12:564:Infinity":376,"s:565:2:565:Infinity":377,"f:568:22:568:39":77,"s:569:12:569:Infinity":378,"s:570:2:570:Infinity":379,"f:573:22:573:43":78,"s:574:12:574:Infinity":380,"s:575:2:575:Infinity":381,"f:578:22:578:39":79,"b:578:54:578:57":142,"s:579:12:579:Infinity":382,"s:580:2:580:Infinity":383,"f:584:22:584:39":80,"b:584:52:584:59":143,"s:585:12:585:Infinity":384,"s:586:2:586:Infinity":385,"f:589:22:589:43":81,"s:590:12:590:Infinity":386,"s:591:2:591:Infinity":387,"f:594:22:594:49":82,"s:595:12:595:Infinity":388,"s:596:2:596:Infinity":389,"f:600:22:600:35":83,"b:600:85:600:88":144,"b:600:102:600:105":145,"s:601:12:607:Infinity":390,"s:608:2:608:Infinity":391,"f:612:22:612:38":84,"s:613:12:615:Infinity":392,"s:616:2:616:Infinity":393,"f:619:22:619:37":85,"s:620:12:620:Infinity":394,"s:621:2:621:Infinity":395,"f:625:22:625:39":86,"b:625:126:625:130":146,"s:626:17:626:Infinity":396,"b:627:2:627:Infinity:undefined:undefined:undefined:undefined":147,"s:627:2:627:Infinity":397,"s:627:15:627:Infinity":398,"b:628:2:628:Infinity:undefined:undefined:undefined:undefined":148,"s:628:2:628:Infinity":399,"s:628:19:628:Infinity":400,"b:629:2:629:Infinity:undefined:undefined:undefined:undefined":149,"s:629:2:629:Infinity":401,"s:629:17:629:Infinity":402,"b:630:2:630:Infinity:undefined:undefined:undefined:undefined":150,"s:630:2:630:Infinity":403,"s:630:16:630:Infinity":404,"s:631:2:631:Infinity":405,"s:632:12:632:Infinity":406,"s:633:2:633:Infinity":407,"f:636:22:636:39":87,"s:637:12:637:Infinity":408,"s:638:2:638:Infinity":409,"f:641:22:641:38":88,"s:642:17:642:Infinity":410,"b:642:43:642:73:642:73:642:Infinity":151,"s:643:12:643:Infinity":411,"s:644:2:644:Infinity":412,"f:648:22:648:40":89,"s:649:12:649:Infinity":413,"s:650:2:650:Infinity":414,"f:653:22:653:40":90,"s:654:12:656:Infinity":415,"b:654:127:654:142:654:142:654:144":152,"s:657:2:657:Infinity":416,"f:660:22:660:42":91,"s:661:12:663:Infinity":417,"b:661:129:661:144:661:144:661:146":153,"s:664:2:664:Infinity":418,"f:667:22:667:44":92,"b:667:52:667:56":154,"s:668:12:668:Infinity":419,"s:669:2:669:Infinity":420,"f:672:22:672:42":93,"s:673:12:673:Infinity":421,"s:674:2:674:Infinity":422,"f:678:22:678:41":94,"s:679:12:679:Infinity":423,"s:680:2:680:Infinity":424,"f:683:22:683:42":95,"s:684:12:684:Infinity":425,"s:685:2:685:Infinity":426,"f:688:22:688:42":96,"s:689:12:692:Infinity":427,"s:693:2:693:Infinity":428,"f:696:22:696:36":97,"s:697:12:697:Infinity":429,"s:698:2:698:Infinity":430,"f:701:22:701:44":98,"b:701:51:701:55":155,"s:702:12:702:Infinity":431,"s:703:2:703:Infinity":432,"f:707:22:707:40":99,"s:708:12:708:Infinity":433,"s:709:2:709:Infinity":434,"f:712:22:712:39":100,"s:713:12:716:Infinity":435,"s:717:2:717:Infinity":436,"f:720:22:720:39":101,"s:721:12:724:Infinity":437,"s:725:2:725:Infinity":438,"f:728:22:728:36":102,"b:728:44:728:47":156,"s:729:12:729:Infinity":439,"s:730:2:730:Infinity":440,"f:733:22:733:42":103,"s:734:12:734:Infinity":441,"s:735:2:735:Infinity":442,"f:739:22:739:38":104,"s:740:17:740:Infinity":443,"b:741:2:741:Infinity:undefined:undefined:undefined:undefined":157,"s:741:2:741:Infinity":444,"s:741:16:741:Infinity":445,"s:742:12:742:Infinity":446,"s:743:2:743:Infinity":447,"f:746:22:746:45":105,"s:747:17:747:Infinity":448,"b:747:24:747:42:747:42:747:Infinity":158,"s:748:12:748:Infinity":449,"s:749:2:749:Infinity":450,"f:752:22:752:45":106,"s:753:17:753:Infinity":451,"b:754:2:754:Infinity:undefined:undefined:undefined:undefined":159,"s:754:2:754:Infinity":452,"s:754:12:754:Infinity":453,"b:755:2:755:Infinity:undefined:undefined:undefined:undefined":160,"s:755:2:755:Infinity":454,"s:755:13:755:Infinity":455,"s:756:12:756:Infinity":456,"s:757:2:757:Infinity":457,"f:760:22:760:54":107,"s:761:17:761:Infinity":458,"b:761:24:761:42:761:42:761:Infinity":161,"s:762:12:762:Infinity":459,"s:763:2:763:Infinity":460,"f:767:22:767:45":108,"s:768:12:768:Infinity":461,"s:769:2:769:Infinity":462,"f:772:22:772:46":109,"b:772:53:772:56":162,"s:773:12:773:Infinity":463,"s:774:2:774:Infinity":464,"f:778:22:778:52":110,"b:778:59:778:63":163,"s:779:12:779:Infinity":465,"s:780:2:780:Infinity":466,"f:783:22:783:40":111,"b:783:63:783:67":164,"s:784:12:784:Infinity":467,"s:785:2:785:Infinity":468,"f:788:22:788:48":112,"b:788:57:788:66":165,"b:788:74:788:78":166,"b:788:85:788:89":167,"s:789:12:789:Infinity":469,"s:790:2:790:Infinity":470,"f:793:22:793:39":113,"s:794:17:794:Infinity":471,"b:794:26:794:49:794:49:794:Infinity":168,"s:795:12:795:Infinity":472,"s:796:2:796:Infinity":473,"f:800:22:800:47":114,"s:801:12:801:Infinity":474,"s:802:2:802:Infinity":475,"f:805:22:805:40":115,"s:806:12:806:Infinity":476,"s:807:2:807:Infinity":477,"f:810:22:810:42":116,"s:811:12:811:Infinity":478,"s:812:2:812:Infinity":479,"f:815:22:815:43":117,"s:816:12:816:Infinity":480,"s:817:2:817:Infinity":481,"f:821:22:821:38":118,"s:822:19:822:Infinity":482,"s:823:2:823:Infinity":483,"s:824:12:828:Infinity":484,"s:829:2:829:Infinity":485,"f:832:22:832:38":119,"s:833:12:833:Infinity":486,"s:834:2:834:Infinity":487,"f:837:22:837:35":120,"s:838:12:838:Infinity":488,"s:839:2:839:Infinity":489,"f:843:22:843:40":121,"s:844:12:844:Infinity":490,"s:845:2:845:Infinity":491,"f:848:22:848:39":122,"s:849:12:849:Infinity":492,"s:850:2:850:Infinity":493,"f:853:22:853:42":123,"s:854:12:857:Infinity":494,"s:858:2:858:Infinity":495,"f:861:22:861:41":124,"s:862:17:862:Infinity":496,"b:862:47:862:100:862:100:862:Infinity":169,"s:863:12:863:Infinity":497,"s:864:2:864:Infinity":498,"f:867:22:867:41":125,"s:868:12:868:Infinity":499,"s:869:2:869:Infinity":500,"f:873:22:873:39":126,"s:874:12:874:Infinity":501,"s:875:2:875:Infinity":502,"f:878:22:878:48":127,"s:879:12:882:Infinity":503,"s:883:2:883:Infinity":504,"f:886:22:886:47":128,"s:887:12:890:Infinity":505,"s:891:2:891:Infinity":506,"f:894:22:894:39":129,"s:895:12:895:Infinity":507,"s:896:2:896:Infinity":508,"f:899:22:899:51":130,"s:900:12:900:Infinity":509,"s:901:2:901:Infinity":510,"f:905:22:905:35":131,"s:906:17:906:Infinity":511,"b:906:28:906:55:906:55:906:Infinity":170,"s:907:12:907:Infinity":512,"s:908:2:908:Infinity":513,"f:911:22:911:38":132,"s:912:12:915:Infinity":514,"s:916:2:916:Infinity":515,"f:919:22:919:40":133,"s:920:12:923:Infinity":516,"s:924:2:924:Infinity":517,"f:927:22:927:36":134,"s:928:12:930:Infinity":518,"s:931:2:931:Infinity":519},"fnNames":{}}}
,"F:\\testcursor\\frontend\\src\\i18n.ts": {"path":"F:\\testcursor\\frontend\\src\\i18n.ts","statementMap":{"0":{"start":{"line":5,"column":21},"end":{"line":429,"column":null}},"1":{"start":{"line":431,"column":21},"end":{"line":855,"column":null}},"2":{"start":{"line":857,"column":40},"end":{"line":857,"column":null}},"3":{"start":{"line":861,"column":13},"end":{"line":861,"column":null}},"4":{"start":{"line":863,"column":30},"end":{"line":867,"column":null}},"5":{"start":{"line":864,"column":8},"end":{"line":864,"column":null}},"6":{"start":{"line":865,"column":12},"end":{"line":865,"column":null}},"7":{"start":{"line":865,"column":37},"end":{"line":865,"column":null}},"8":{"start":{"line":866,"column":2},"end":{"line":866,"column":null}},"9":{"start":{"line":869,"column":30},"end":{"line":871,"column":null}},"10":{"start":{"line":870,"column":2},"end":{"line":870,"column":null}},"11":{"start":{"line":870,"column":8},"end":{"line":870,"column":56}},"12":{"start":{"line":870,"column":66},"end":{"line":870,"column":78}},"13":{"start":{"line":873,"column":27},"end":{"line":881,"column":null}},"14":{"start":{"line":874,"column":2},"end":{"line":874,"column":null}},"15":{"start":{"line":874,"column":27},"end":{"line":874,"column":null}},"16":{"start":{"line":876,"column":2},"end":{"line":876,"column":null}},"17":{"start":{"line":876,"column":8},"end":{"line":876,"column":106}},"18":{"start":{"line":876,"column":116},"end":{"line":876,"column":132}},"19":{"start":{"line":877,"column":12},"end":{"line":877,"column":null}},"20":{"start":{"line":878,"column":2},"end":{"line":878,"column":null}},"21":{"start":{"line":878,"column":22},"end":{"line":878,"column":null}},"22":{"start":{"line":879,"column":2},"end":{"line":879,"column":null}},"23":{"start":{"line":879,"column":25},"end":{"line":879,"column":null}},"24":{"start":{"line":880,"column":2},"end":{"line":880,"column":null}},"25":{"start":{"line":883,"column":27},"end":{"line":891,"column":null}},"26":{"start":{"line":884,"column":2},"end":{"line":884,"column":null}},"27":{"start":{"line":884,"column":27},"end":{"line":884,"column":null}},"28":{"start":{"line":886,"column":2},"end":{"line":886,"column":null}},"29":{"start":{"line":886,"column":8},"end":{"line":886,"column":106}},"30":{"start":{"line":886,"column":116},"end":{"line":886,"column":132}},"31":{"start":{"line":887,"column":12},"end":{"line":887,"column":null}},"32":{"start":{"line":888,"column":2},"end":{"line":888,"column":null}},"33":{"start":{"line":888,"column":29},"end":{"line":888,"column":null}},"34":{"start":{"line":889,"column":2},"end":{"line":889,"column":null}},"35":{"start":{"line":889,"column":32},"end":{"line":889,"column":null}},"36":{"start":{"line":890,"column":2},"end":{"line":890,"column":null}}},"fnMap":{"0":{"name":"(anonymous_0)","decl":{"start":{"line":863,"column":30},"end":{"line":863,"column":36}},"loc":{"start":{"line":863,"column":36},"end":{"line":867,"column":null}},"line":863},"1":{"name":"(anonymous_1)","decl":{"start":{"line":865,"column":12},"end":{"line":865,"column":13}},"loc":{"start":{"line":865,"column":37},"end":{"line":865,"column":null}},"line":865},"2":{"name":"(anonymous_2)","decl":{"start":{"line":869,"column":30},"end":{"line":869,"column":44}},"loc":{"start":{"line":869,"column":44},"end":{"line":871,"column":null}},"line":869},"3":{"name":"(anonymous_3)","decl":{"start":{"line":873,"column":27},"end":{"line":873,"column":28}},"loc":{"start":{"line":873,"column":68},"end":{"line":881,"column":null}},"line":873},"4":{"name":"(anonymous_4)","decl":{"start":{"line":883,"column":27},"end":{"line":883,"column":28}},"loc":{"start":{"line":883,"column":68},"end":{"line":891,"column":null}},"line":883}},"branchMap":{"0":{"loc":{"start":{"line":865,"column":37},"end":{"line":865,"column":null}},"type":"binary-expr","locations":[{"start":{"line":865,"column":37},"end":{"line":865,"column":59}},{"start":{"line":865,"column":59},"end":{"line":865,"column":81}},{"start":{"line":865,"column":81},"end":{"line":865,"column":null}}],"line":865},"1":{"loc":{"start":{"line":870,"column":15},"end":{"line":870,"column":56}},"type":"binary-expr","locations":[{"start":{"line":870,"column":15},"end":{"line":870,"column":51}},{"start":{"line":870,"column":51},"end":{"line":870,"column":56}}],"line":870},"2":{"loc":{"start":{"line":874,"column":2},"end":{"line":874,"column":null}},"type":"if","locations":[{"start":{"line":874,"column":2},"end":{"line":874,"column":null}},{"start":{},"end":{}}],"line":874},"3":{"loc":{"start":{"line":876,"column":16},"end":{"line":876,"column":106}},"type":"cond-expr","locations":[{"start":{"line":876,"column":56},"end":{"line":876,"column":88}},{"start":{"line":876,"column":88},"end":{"line":876,"column":106}}],"line":876},"4":{"loc":{"start":{"line":878,"column":2},"end":{"line":878,"column":null}},"type":"if","locations":[{"start":{"line":878,"column":2},"end":{"line":878,"column":null}},{"start":{},"end":{}}],"line":878},"5":{"loc":{"start":{"line":879,"column":2},"end":{"line":879,"column":null}},"type":"if","locations":[{"start":{"line":879,"column":2},"end":{"line":879,"column":null}},{"start":{},"end":{}}],"line":879},"6":{"loc":{"start":{"line":884,"column":2},"end":{"line":884,"column":null}},"type":"if","locations":[{"start":{"line":884,"column":2},"end":{"line":884,"column":null}},{"start":{},"end":{}}],"line":884},"7":{"loc":{"start":{"line":886,"column":16},"end":{"line":886,"column":106}},"type":"cond-expr","locations":[{"start":{"line":886,"column":56},"end":{"line":886,"column":88}},{"start":{"line":886,"column":88},"end":{"line":886,"column":106}}],"line":886},"8":{"loc":{"start":{"line":888,"column":2},"end":{"line":888,"column":null}},"type":"if","locations":[{"start":{"line":888,"column":2},"end":{"line":888,"column":null}},{"start":{},"end":{}}],"line":888},"9":{"loc":{"start":{"line":889,"column":2},"end":{"line":889,"column":null}},"type":"if","locations":[{"start":{"line":889,"column":2},"end":{"line":889,"column":null}},{"start":{},"end":{}}],"line":889}},"s":{"0":3,"1":3,"2":3,"3":3,"4":3,"5":5,"6":5,"7":6,"8":5,"9":3,"10":3,"11":3,"12":0,"13":3,"14":5,"15":2,"16":3,"17":3,"18":0,"19":3,"20":3,"21":2,"22":1,"23":1,"24":0,"25":3,"26":0,"27":0,"28":0,"29":0,"30":0,"31":0,"32":0,"33":0,"34":0,"35":0,"36":0},"f":{"0":5,"1":6,"2":3,"3":5,"4":0},"b":{"0":[6,0,0],"1":[3,0],"2":[2,3],"3":[1,2],"4":[2,1],"5":[1,0],"6":[0,0],"7":[0,0],"8":[0,0],"9":[0,0]},"meta":{"lastBranch":10,"lastFunction":5,"lastStatement":37,"seen":{"s:5:21:429:Infinity":0,"s:431:21:855:Infinity":1,"s:857:40:857:Infinity":2,"s:861:13:861:Infinity":3,"s:863:30:867:Infinity":4,"f:863:30:863:36":0,"s:864:8:864:Infinity":5,"s:865:12:865:Infinity":6,"f:865:12:865:13":1,"s:865:37:865:Infinity":7,"b:865:37:865:59:865:59:865:81:865:81:865:Infinity":0,"s:866:2:866:Infinity":8,"s:869:30:871:Infinity":9,"f:869:30:869:44":2,"s:870:2:870:Infinity":10,"s:870:8:870:56":11,"b:870:15:870:51:870:51:870:56":1,"s:870:66:870:78":12,"s:873:27:881:Infinity":13,"f:873:27:873:28":3,"b:874:2:874:Infinity:undefined:undefined:undefined:undefined":2,"s:874:2:874:Infinity":14,"s:874:27:874:Infinity":15,"s:876:2:876:Infinity":16,"s:876:8:876:106":17,"b:876:56:876:88:876:88:876:106":3,"s:876:116:876:132":18,"s:877:12:877:Infinity":19,"b:878:2:878:Infinity:undefined:undefined:undefined:undefined":4,"s:878:2:878:Infinity":20,"s:878:22:878:Infinity":21,"b:879:2:879:Infinity:undefined:undefined:undefined:undefined":5,"s:879:2:879:Infinity":22,"s:879:25:879:Infinity":23,"s:880:2:880:Infinity":24,"s:883:27:891:Infinity":25,"f:883:27:883:28":4,"b:884:2:884:Infinity:undefined:undefined:undefined:undefined":6,"s:884:2:884:Infinity":26,"s:884:27:884:Infinity":27,"s:886:2:886:Infinity":28,"s:886:8:886:106":29,"b:886:56:886:88:886:88:886:106":7,"s:886:116:886:132":30,"s:887:12:887:Infinity":31,"b:888:2:888:Infinity:undefined:undefined:undefined:undefined":8,"s:888:2:888:Infinity":32,"s:888:29:888:Infinity":33,"b:889:2:889:Infinity:undefined:undefined:undefined:undefined":9,"s:889:2:889:Infinity":34,"s:889:32:889:Infinity":35,"s:890:2:890:Infinity":36},"fnNames":{}}}
}
